#
# A fatal error has been detected by the Java Runtime Environment:
#
#  Internal Error (os_linux_zero.cpp:285), pid=22735, tid=3055391856
#  fatal error: caught unhandled signal 7
#
# JRE version: 6.0_36-b36
# Java VM: OpenJDK Zero VM (23.25-b01 mixed mode linux-arm )
# Derivative: IcedTea6 1.13.8
# Distribution: Ubuntu 12.04 LTS, package 6b36-1.13.8-0ubuntu1~12.04
# Failed to write core dump. Core dumps have been disabled. To enable core dumping, try "ulimit -c unlimited" before starting Java again
#
# If you would like to submit a bug report, please include
# instructions how to reproduce the bug and visit:
#   https://bugs.launchpad.net/ubuntu/+source/openjdk-6/
# The crash happened outside the Java Virtual Machine in native code.
# See problematic frame for where to report the bug.
#

---------------  T H R E A D  ---------------

Current thread (0xb5f04df8):  JavaThread "main" [_thread_in_native, id=22736, stack(0xb605b000,0xb61da000)]

Stack: [0xb605b000,0xb61da000],  sp=0xb611b4a4,  free space=769k
Java frames:
 0xb61d8550: istate->_thread       = 0xb5f04df8
 0xb61d8554: istate->_bcp          = 0x00000000
 0xb61d8558: istate->_locals       = 0xb61d85a8
 0xb61d855c: istate->_constants    = 0xaff88098
 0xb61d8560: istate->_method       = java.util.zip.ZipFile.getEntry(JLjava/lang/String;Z)J
 0xb61d8564: istate->_mdx          = 0xb61d85a8
 0xb61d8568: istate->_stack        = 0xaff88098
 0xb61d856c: istate->_msg          = 0x00000000
 0xb61d8570: istate->_result       = 0x00000000
 0xb61d8574: (istate->_result)     = 0xb61d8540
 0xb61d8578: (istate->_result)     = 0x00000000
 0xb61d857c: istate->_prev_link    = 0x00000000
 0xb61d8580: istate->_oop_temp     = 0x9a9862e8
 0xb61d8584: istate->_stack_base   = 0xb61d8550
 0xb61d8588: istate->_stack_limit  = 0xb61d854c
 0xb61d858c: istate->_monitor_base = 0xb61d8550
 0xb61d8590: istate->_self_link    = 0xb61d8550
 0xb61d8594: frame_type            = INTERPRETER_FRAME
 0xb61d8598: next_frame            = 0xb61d85fc

 0xb61d859c: local[3]              = 0x00000001
 0xb61d85a0: local[2]              = 0x9256af88
 0xb61d85a4: local[1]              = 0x8e91e0c0
 0xb61d85a8: local[0]              = 0xffffffff
 0xb61d85ac: monitor[0]->_lock     = 0x00000001
 0xb61d85b0: monitor[0]->_obj      = 0x9a8e05a8
 0xb61d85b4: istate->_thread       = 0xb5f04df8
 0xb61d85b8: istate->_bcp          = 0xaff8639f (bci 31)
 0xb61d85bc: istate->_locals       = 0xb61d8618
 0xb61d85c0: istate->_constants    = 0xaff88098
 0xb61d85c4: istate->_method       = java.util.zip.ZipFile.getEntry(Ljava/lang/String;)Ljava/util/zip/ZipEntry;
 0xb61d85c8: istate->_mdx          = 0x00000000
 0xb61d85cc: istate->_stack        = 0xb61d8598
 0xb61d85d0: istate->_msg          = 0x00000000
 0xb61d85d4: istate->_result       = 0xb61d8618
 0xb61d85d8: (istate->_result)     = 0xafe85138
 0xb61d85dc: (istate->_result)     = 0xafe3a708
 0xb61d85e0: istate->_prev_link    = 0x00000000
 0xb61d85e4: istate->_oop_temp     = 0x00000000
 0xb61d85e8: istate->_stack_base   = 0xb61d85ac
 0xb61d85ec: istate->_stack_limit  = 0xb61d8594
 0xb61d85f0: istate->_monitor_base = 0xb61d85b4
 0xb61d85f4: istate->_self_link    = 0xb61d85b4
 0xb61d85f8: frame_type            = INTERPRETER_FRAME
 0xb61d85fc: next_frame            = 0xb61d8664

 0xb61d8600: local[6]              = 0x00000000
 0xb61d8604: local[5]              = 0x00000000
 0xb61d8608: local[4]              = 0x9a8e05a8
 0xb61d860c: local[3]              = 0x00000000
 0xb61d8610: local[2]              = 0x00000000
 0xb61d8614: local[1]              = 0x9256af88
 0xb61d8618: local[0]              = 0x9a8e05a8
 0xb61d861c: istate->_thread       = 0xb5f04df8
 0xb61d8620: istate->_bcp          = 0xaff83a8a (bci 2)
 0xb61d8624: istate->_locals       = 0xb61d8670
 0xb61d8628: istate->_constants    = 0xaff88438
 0xb61d862c: istate->_method       = java.util.jar.JarFile.getEntry(Ljava/lang/String;)Ljava/util/zip/ZipEntry;
 0xb61d8630: istate->_mdx          = 0x00000000
 0xb61d8634: istate->_stack        = 0xb61d8610
 0xb61d8638: istate->_msg          = 0x00000000
 0xb61d863c: istate->_result       = 0xb61d8680
 0xb61d8640: (istate->_result)     = 0xafe85138
 0xb61d8644: (istate->_result)     = 0xafe3a708
 0xb61d8648: istate->_prev_link    = 0x00000000
 0xb61d864c: istate->_oop_temp     = 0x00000000
 0xb61d8650: istate->_stack_base   = 0xb61d861c
 0xb61d8654: istate->_stack_limit  = 0xb61d8608
 0xb61d8658: istate->_monitor_base = 0xb61d861c
 0xb61d865c: istate->_self_link    = 0xb61d861c
 0xb61d8660: frame_type            = INTERPRETER_FRAME
 0xb61d8664: next_frame            = 0xb61d86bc

 0xb61d8668: local[2]              = 0x00000000
 0xb61d866c: local[1]              = 0x9256af88
 0xb61d8670: local[0]              = 0x9a8e05a8
 0xb61d8674: istate->_thread       = 0xb5f04df8
 0xb61d8678: istate->_bcp          = 0xaff839e2 (bci 2)
 0xb61d867c: istate->_locals       = 0xb61d86c4
 0xb61d8680: istate->_constants    = 0xaff88438
 0xb61d8684: istate->_method       = java.util.jar.JarFile.getJarEntry(Ljava/lang/String;)Ljava/util/jar/JarEntry;
 0xb61d8688: istate->_mdx          = 0x00000000
 0xb61d868c: istate->_stack        = 0xb61d8668
 0xb61d8690: istate->_msg          = 0x00000000
 0xb61d8694: istate->_result       = 0xafe39c40
 0xb61d8698: (istate->_result)     = 0xb61d8640
 0xb61d869c: (istate->_result)     = 0x00000000
 0xb61d86a0: istate->_prev_link    = 0xb61d866c
 0xb61d86a4: istate->_oop_temp     = 0x00000000
 0xb61d86a8: istate->_stack_base   = 0xb61d8674
 0xb61d86ac: istate->_stack_limit  = 0xb61d8668
 0xb61d86b0: istate->_monitor_base = 0xb61d8674
 0xb61d86b4: istate->_self_link    = 0xb61d8674
 0xb61d86b8: frame_type            = INTERPRETER_FRAME
 0xb61d86bc: next_frame            = 0xb61d8710

 0xb61d86c0: local[1]              = 0x9256af88
 0xb61d86c4: local[0]              = 0x9a8e05a8
 0xb61d86c8: istate->_thread       = 0xb5f04df8
 0xb61d86cc: istate->_bcp          = 0xaffa03a0 (bci 48)
 0xb61d86d0: istate->_locals       = 0xb61d8724
 0xb61d86d4: istate->_constants    = 0xaffa1e20
 0xb61d86d8: istate->_method       = sun.misc.URLClassPath$JarLoader.getResource(Ljava/lang/String;Z)Lsun/misc/Resource;
 0xb61d86dc: istate->_mdx          = 0xafe87238
 0xb61d86e0: istate->_stack        = 0xb61d86bc
 0xb61d86e4: istate->_msg          = 0x00000000
 0xb61d86e8: istate->_result       = 0xb61d86c8
 0xb61d86ec: (istate->_result)     = 0x00000000
 0xb61d86f0: (istate->_result)     = 0xb61d86bc
 0xb61d86f4: istate->_prev_link    = 0xb61d86b0
 0xb61d86f8: istate->_oop_temp     = 0x00000000
 0xb61d86fc: istate->_stack_base   = 0xb61d86c8
 0xb61d8700: istate->_stack_limit  = 0xb61d86b4
 0xb61d8704: istate->_monitor_base = 0xb61d86c8
 0xb61d8708: istate->_self_link    = 0xb61d86c8
 0xb61d870c: frame_type            = INTERPRETER_FRAME
 0xb61d8710: next_frame            = 0xb61d8770

 0xb61d8714: local[4]              = 0x00000000
 0xb61d8718: local[3]              = 0x00000000
 0xb61d871c: local[2]              = 0x00000000
 0xb61d8720: local[1]              = 0x9256af88
 0xb61d8724: local[0]              = 0x9aa07348
 0xb61d8728: istate->_thread       = 0xb5f04df8
 0xb61d872c: istate->_bcp          = 0xaff7ee5d (bci 53)
 0xb61d8730: istate->_locals       = 0xb61d8788
 0xb61d8734: istate->_constants    = 0xaff7fea8
 0xb61d8738: istate->_method       = sun.misc.URLClassPath.getResource(Ljava/lang/String;Z)Lsun/misc/Resource;
 0xb61d873c: istate->_mdx          = 0xafe87238
 0xb61d8740: istate->_stack        = 0xb61d8718
 0xb61d8744: istate->_msg          = 0x00000000
 0xb61d8748: istate->_result       = 0xb61d8718
 0xb61d874c: (istate->_result)     = 0x00000000
 0xb61d8750: (istate->_result)     = 0xb61d871c
 0xb61d8754: istate->_prev_link    = 0xb61d8704
 0xb61d8758: istate->_oop_temp     = 0x00000000
 0xb61d875c: istate->_stack_base   = 0xb61d8728
 0xb61d8760: istate->_stack_limit  = 0xb61d8718
 0xb61d8764: istate->_monitor_base = 0xb61d8728
 0xb61d8768: istate->_self_link    = 0xb61d8728
 0xb61d876c: frame_type            = INTERPRETER_FRAME
 0xb61d8770: next_frame            = 0xb61d87d4

 0xb61d8774: local[5]              = 0x00000000
 0xb61d8778: local[4]              = 0x00000000
 0xb61d877c: local[3]              = 0x9aa07348
 0xb61d8780: local[2]              = 0x00000000
 0xb61d8784: local[1]              = 0x9256af88
 0xb61d8788: local[0]              = 0x9a9b6e90
 0xb61d878c: istate->_thread       = 0xb5f04df8
 0xb61d8790: istate->_bcp          = 0xaff9e582 (bci 26)
 0xb61d8794: istate->_locals       = 0xb61d87e4
 0xb61d8798: istate->_constants    = 0xaff9e7c0
 0xb61d879c: istate->_method       = java.net.URLClassLoader$1.run()Ljava/lang/Object;
 0xb61d87a0: istate->_mdx          = 0x00000000
 0xb61d87a4: istate->_stack        = 0xb61d877c
 0xb61d87a8: istate->_msg          = 0x00000000
 0xb61d87ac: istate->_result       = 0xafe21358
 0xb61d87b0: (istate->_result)     = 0xafe87238
 0xb61d87b4: (istate->_result)     = 0x00000000
 0xb61d87b8: istate->_prev_link    = 0x00000000
 0xb61d87bc: istate->_oop_temp     = 0x00000000
 0xb61d87c0: istate->_stack_base   = 0xb61d878c
 0xb61d87c4: istate->_stack_limit  = 0xb61d8778
 0xb61d87c8: istate->_monitor_base = 0xb61d878c
 0xb61d87cc: istate->_self_link    = 0xb61d878c
 0xb61d87d0: frame_type            = INTERPRETER_FRAME
 0xb61d87d4: next_frame            = 0xb61d87f0

 0xb61d87d8: local[3]              = 0x00000000
 0xb61d87dc: local[2]              = 0x00000000
 0xb61d87e0: local[1]              = 0x9256af88
 0xb61d87e4: local[0]              = 0x9256ae80
 0xb61d87e8: call_wrapper          = 0xb611bf58
 0xb61d87ec: frame_type            = ENTRY_FRAME
 0xb61d87f0: next_frame            = 0xb61d883c

 0xb61d87f4: istate->_thread       = 0xb5f04df8
 0xb61d87f8: istate->_bcp          = 0x00000000
 0xb61d87fc: istate->_locals       = 0xb61d8844
 0xb61d8800: istate->_constants    = 0xafe97988
 0xb61d8804: istate->_method       = java.security.AccessController.doPrivileged(Ljava/security/PrivilegedExceptionAction;Ljava/security/AccessControlContext;)Ljava/lang/Object;
 0xb61d8808: istate->_mdx          = 0x00000000
 0xb61d880c: istate->_stack        = 0x9256a1a0
 0xb61d8810: istate->_msg          = 0x00000000
 0xb61d8814: istate->_result       = 0xb61d87e0
 0xb61d8818: (istate->_result)     = 0xb61d87cc
 0xb61d881c: (istate->_result)     = 0x00000000
 0xb61d8820: istate->_prev_link    = 0xb61d87ec
 0xb61d8824: istate->_oop_temp     = 0x9a98b528
 0xb61d8828: istate->_stack_base   = 0xb61d87f4
 0xb61d882c: istate->_stack_limit  = 0xb61d87f0
 0xb61d8830: istate->_monitor_base = 0xb61d87f4
 0xb61d8834: istate->_self_link    = 0xb61d87f4
 0xb61d8838: frame_type            = INTERPRETER_FRAME
 0xb61d883c: next_frame            = 0xb61d8890

 0xb61d8840: local[1]              = 0x9a9b6eb0
 0xb61d8844: local[0]              = 0x9256ae80
 0xb61d8848: istate->_thread       = 0xb5f04df8
 0xb61d884c: istate->_bcp          = 0xaff43355 (bci 13)
 0xb61d8850: istate->_locals       = 0xb61d889c
 0xb61d8854: istate->_constants    = 0xaff453d8
 0xb61d8858: istate->_method       = java.net.URLClassLoader.findClass(Ljava/lang/String;)Ljava/lang/Class;
 0xb61d885c: istate->_mdx          = 0x00000000
 0xb61d8860: istate->_stack        = 0xb61d883c
 0xb61d8864: istate->_msg          = 0x00000000
 0xb61d8868: istate->_result       = 0x00000000
 0xb61d886c: (istate->_result)     = 0x00000000
 0xb61d8870: (istate->_result)     = 0x00000000
 0xb61d8874: istate->_prev_link    = 0xb61d8838
 0xb61d8878: istate->_oop_temp     = 0x00000000
 0xb61d887c: istate->_stack_base   = 0xb61d8848
 0xb61d8880: istate->_stack_limit  = 0xb61d8834
 0xb61d8884: istate->_monitor_base = 0xb61d8848
 0xb61d8888: istate->_self_link    = 0xb61d8848
 0xb61d888c: frame_type            = INTERPRETER_FRAME
 0xb61d8890: next_frame            = 0xb61d88f0

 0xb61d8894: local[2]              = 0x00000000
 0xb61d8898: local[1]              = 0x9256a818
 0xb61d889c: local[0]              = 0x9a979620
 0xb61d88a0: monitor[0]->_lock     = 0x00000000
 0xb61d88a4: monitor[0]->_obj      = 0x9a979620
 0xb61d88a8: istate->_thread       = 0xb5f04df8
 0xb61d88ac: istate->_bcp          = 0xafe32fdb (bci 43)
 0xb61d88b0: istate->_locals       = 0xb61d8904
 0xb61d88b4: istate->_constants    = 0xafe86348
 0xb61d88b8: istate->_method       = java.lang.ClassLoader.loadClass(Ljava/lang/String;Z)Ljava/lang/Class;
 0xb61d88bc: istate->_mdx          = 0x00000000
 0xb61d88c0: istate->_stack        = 0xb61d8894
 0xb61d88c4: istate->_msg          = 0x00000000
 0xb61d88c8: istate->_result       = 0x00000000
 0xb61d88cc: (istate->_result)     = 0xafe38240
 0xb61d88d0: (istate->_result)     = 0x00000000
 0xb61d88d4: istate->_prev_link    = 0x00000000
 0xb61d88d8: istate->_oop_temp     = 0x00000000
 0xb61d88dc: istate->_stack_base   = 0xb61d88a0
 0xb61d88e0: istate->_stack_limit  = 0xb61d8890
 0xb61d88e4: istate->_monitor_base = 0xb61d88a8
 0xb61d88e8: istate->_self_link    = 0xb61d88a8
 0xb61d88ec: frame_type            = INTERPRETER_FRAME
 0xb61d88f0: next_frame            = 0xb61d8958

 0xb61d88f4: local[4]              = 0x9256ac50
 0xb61d88f8: local[3]              = 0x00000000
 0xb61d88fc: local[2]              = 0x00000000
 0xb61d8900: local[1]              = 0x9256a818
 0xb61d8904: local[0]              = 0x9a979620
 0xb61d8908: monitor[0]->_lock     = 0x00000000
 0xb61d890c: monitor[0]->_obj      = 0x9a979620
 0xb61d8910: istate->_thread       = 0xb5f04df8
 0xb61d8914: istate->_bcp          = 0xaff816ec (bci 36)
 0xb61d8918: istate->_locals       = 0xb61d896c
 0xb61d891c: istate->_constants    = 0xaff81cd8
 0xb61d8920: istate->_method       = sun.misc.Launcher$AppClassLoader.loadClass(Ljava/lang/String;Z)Ljava/lang/Class;
 0xb61d8924: istate->_mdx          = 0x00000000
 0xb61d8928: istate->_stack        = 0xb61d88f8
 0xb61d892c: istate->_msg          = 0x00000000
 0xb61d8930: istate->_result       = 0x00000000
 0xb61d8934: (istate->_result)     = 0x00000002
 0xb61d8938: (istate->_result)     = 0xb61d8988
 0xb61d893c: istate->_prev_link    = 0x00000000
 0xb61d8940: istate->_oop_temp     = 0x00000000
 0xb61d8944: istate->_stack_base   = 0xb61d8908
 0xb61d8948: istate->_stack_limit  = 0xb61d88f4
 0xb61d894c: istate->_monitor_base = 0xb61d8910
 0xb61d8950: istate->_self_link    = 0xb61d8910
 0xb61d8954: frame_type            = INTERPRETER_FRAME
 0xb61d8958: next_frame            = 0xb61d89b8

 0xb61d895c: local[4]              = 0x00000000
 0xb61d8960: local[3]              = 0x0000000d
 0xb61d8964: local[2]              = 0x00000000
 0xb61d8968: local[1]              = 0x9256a818
 0xb61d896c: local[0]              = 0x9a979620
 0xb61d8970: istate->_thread       = 0xb5f04df8
 0xb61d8974: istate->_bcp          = 0xafe32ee3 (bci 3)
 0xb61d8978: istate->_locals       = 0xb61d89c0
 0xb61d897c: istate->_constants    = 0xafe86348
 0xb61d8980: istate->_method       = java.lang.ClassLoader.loadClass(Ljava/lang/String;)Ljava/lang/Class;
 0xb61d8984: istate->_mdx          = 0x00000002
 0xb61d8988: istate->_stack        = 0xb61d8960
 0xb61d898c: istate->_msg          = 0x00000000
 0xb61d8990: istate->_result       = 0x9256a748
 0xb61d8994: (istate->_result)     = 0xb5f04df8
 0xb61d8998: (istate->_result)     = 0xaff36a0b
 0xb61d899c: istate->_prev_link    = 0xb61d89e0
 0xb61d89a0: istate->_oop_temp     = 0x00000000
 0xb61d89a4: istate->_stack_base   = 0xb61d8970
 0xb61d89a8: istate->_stack_limit  = 0xb61d8960
 0xb61d89ac: istate->_monitor_base = 0xb61d8970
 0xb61d89b0: istate->_self_link    = 0xb61d8970
 0xb61d89b4: frame_type            = INTERPRETER_FRAME
 0xb61d89b8: next_frame            = 0xb61d89cc

 0xb61d89bc: local[1]              = 0x9256a818
 0xb61d89c0: local[0]              = 0x9a979620
 0xb61d89c4: call_wrapper          = 0xb611c1e8
 0xb61d89c8: frame_type            = ENTRY_FRAME
 0xb61d89cc: next_frame            = 0xb61d8a30

 0xb61d89d0: local[5]              = 0xb61d8994
 0xb61d89d4: local[4]              = 0xb61d8994
 0xb61d89d8: local[3]              = 0x00000002
 0xb61d89dc: local[2]              = 0xb61d8a30
 0xb61d89e0: local[1]              = 0x00000003
 0xb61d89e4: local[0]              = 0xfffffffe
 0xb61d89e8: istate->_thread       = 0xb5f04df8
 0xb61d89ec: istate->_bcp          = 0xb000a6cd (bci 77)
 0xb61d89f0: istate->_locals       = 0xb61d8a68
 0xb61d89f4: istate->_constants    = 0xb000afe0
 0xb61d89f8: istate->_method       = se.kth.krijor.TinySearchEngine.search(Ljava/lang/String;)Ljava/util/List;
 0xb61d89fc: istate->_mdx          = 0x9256a1b8
 0xb61d8a00: istate->_stack        = 0xb61d89e4
 0xb61d8a04: istate->_msg          = 0x00000000
 0xb61d8a08: istate->_result       = 0xb61d8a68
 0xb61d8a0c: (istate->_result)     = 0xafe87238
 0xb61d8a10: (istate->_result)     = 0xafe25020
 0xb61d8a14: istate->_prev_link    = 0xb5f04df8
 0xb61d8a18: istate->_oop_temp     = 0x00000000
 0xb61d8a1c: istate->_stack_base   = 0xb61d89e8
 0xb61d8a20: istate->_stack_limit  = 0xb61d89cc
 0xb61d8a24: istate->_monitor_base = 0xb61d89e8
 0xb61d8a28: istate->_self_link    = 0xb61d89e8
 0xb61d8a2c: frame_type            = INTERPRETER_FRAME
 0xb61d8a30: next_frame            = 0xb61d8ab4

 0xb61d8a34: local[13]             = 0x00000000
 0xb61d8a38: local[12]             = 0x00000000
 0xb61d8a3c: local[11]             = 0x00000000
 0xb61d8a40: local[10]             = 0x00000000
 0xb61d8a44: local[9]              = 0x00000000
 0xb61d8a48: local[8]              = 0x00000000
 0xb61d8a4c: local[7]              = 0x00000000
 0xb61d8a50: local[6]              = 0x00000000
 0xb61d8a54: local[5]              = 0x00000000
 0xb61d8a58: local[4]              = 0x9256a748
 0xb61d8a5c: local[3]              = 0x00000001
 0xb61d8a60: local[2]              = 0x9256a738
 0xb61d8a64: local[1]              = 0x9256a1a0
 0xb61d8a68: local[0]              = 0x9a979200
 0xb61d8a6c: istate->_thread       = 0xb5f04df8
 0xb61d8a70: istate->_bcp          = 0xb000b881 (bci 49)
 0xb61d8a74: istate->_locals       = 0xb61d8adc
 0xb61d8a78: istate->_constants    = 0xb000bfb8
 0xb61d8a7c: istate->_method       = se.kth.id1020.Driver.testTheEngine(Lse/kth/id1020/TinySearchEngineBase;)V
 0xb61d8a80: istate->_mdx          = 0xb5f04df8
 0xb61d8a84: istate->_stack        = 0xb61d8a60
 0xb61d8a88: istate->_msg          = 0x00000000
 0xb61d8a8c: istate->_result       = 0xb000bfb8
 0xb61d8a90: (istate->_result)     = 0xb000ba50
 0xb61d8a94: (istate->_result)     = 0x00000000
 0xb61d8a98: istate->_prev_link    = 0xb61d8a74
 0xb61d8a9c: istate->_oop_temp     = 0x00000000
 0xb61d8aa0: istate->_stack_base   = 0xb61d8a6c
 0xb61d8aa4: istate->_stack_limit  = 0xb61d8a54
 0xb61d8aa8: istate->_monitor_base = 0xb61d8a6c
 0xb61d8aac: istate->_self_link    = 0xb61d8a6c
 0xb61d8ab0: frame_type            = INTERPRETER_FRAME
 0xb61d8ab4: next_frame            = 0xb61d8b28

 0xb61d8ab8: local[9]              = 0x00000000
 0xb61d8abc: local[8]              = 0x00000000
 0xb61d8ac0: local[7]              = 0x00000000
 0xb61d8ac4: local[6]              = 0x00000000
 0xb61d8ac8: local[5]              = 0x00000000
 0xb61d8acc: local[4]              = 0x0c34ffda
 0xb61d8ad0: local[3]              = 0x0000059e
 0xb61d8ad4: local[2]              = 0x9256a1a0
 0xb61d8ad8: local[1]              = 0x92558c60
 0xb61d8adc: local[0]              = 0x9a979200
 0xb61d8ae0: istate->_thread       = 0xb5f04df8
 0xb61d8ae4: istate->_bcp          = 0xb000b775 (bci 5)
 0xb61d8ae8: istate->_locals       = 0xb61d8b2c
 0xb61d8aec: istate->_constants    = 0xb000bfb8
 0xb61d8af0: istate->_method       = se.kth.id1020.Driver.run(Lse/kth/id1020/TinySearchEngineBase;)V
 0xb61d8af4: istate->_mdx          = 0xb61d8ad0
 0xb61d8af8: istate->_stack        = 0xb61d8ad8
 0xb61d8afc: istate->_msg          = 0x00000000
 0xb61d8b00: istate->_result       = 0xb61d8ab8
 0xb61d8b04: (istate->_result)     = 0xb61d8ac8
 0xb61d8b08: (istate->_result)     = 0xb61d8ac8
 0xb61d8b0c: istate->_prev_link    = 0x00000002
 0xb61d8b10: istate->_oop_temp     = 0x00000000
 0xb61d8b14: istate->_stack_base   = 0xb61d8ae0
 0xb61d8b18: istate->_stack_limit  = 0xb61d8ad8
 0xb61d8b1c: istate->_monitor_base = 0xb61d8ae0
 0xb61d8b20: istate->_self_link    = 0xb61d8ae0
 0xb61d8b24: frame_type            = INTERPRETER_FRAME
 0xb61d8b28: next_frame            = 0xb61d8b78

 0xb61d8b2c: local[0]              = 0x9a979200
 0xb61d8b30: istate->_thread       = 0xb5f04df8
 0xb61d8b34: istate->_bcp          = 0xb00099a9 (bci 17)
 0xb61d8b38: istate->_locals       = 0xb61d8b80
 0xb61d8b3c: istate->_constants    = 0xb0009e60
 0xb61d8b40: istate->_method       = se.kth.krijor.App.main([Ljava/lang/String;)V
 0xb61d8b44: istate->_mdx          = 0xb61d8d48
 0xb61d8b48: istate->_stack        = 0xb61d8b28
 0xb61d8b4c: istate->_msg          = 0x00000000
 0xb61d8b50: istate->_result       = 0x00000000
 0xb61d8b54: (istate->_result)     = 0xb6d3b603
 0xb61d8b58: (istate->_result)     = 0xb61d8b18
 0xb61d8b5c: istate->_prev_link    = 0x00000002
 0xb61d8b60: istate->_oop_temp     = 0x00000000
 0xb61d8b64: istate->_stack_base   = 0xb61d8b30
 0xb61d8b68: istate->_stack_limit  = 0xb61d8b24
 0xb61d8b6c: istate->_monitor_base = 0xb61d8b30
 0xb61d8b70: istate->_self_link    = 0xb61d8b30
 0xb61d8b74: frame_type            = INTERPRETER_FRAME
 0xb61d8b78: next_frame            = 0xb61d8b8c

 0xb61d8b7c: local[1]              = 0x9a979200
 0xb61d8b80: local[0]              = 0x9a979210
 0xb61d8b84: call_wrapper          = 0xb61d8be8
 0xb61d8b88: frame_type            = ENTRY_FRAME
 0xb61d8b8c: next_frame            = 0x00000000


---------------  P R O C E S S  ---------------

Java Threads: ( => current thread )
  0xb5fc07e0 JavaThread "Low Memory Detector" daemon [_thread_blocked, id=22741, stack(0x8eb80000,0x8ed00000)]
  0xb5fc3570 JavaThread "Signal Dispatcher" daemon [_thread_blocked, id=22740, stack(0x8eef7000,0x8f077000)]
  0xb5f81f88 JavaThread "Finalizer" daemon [_thread_blocked, id=22739, stack(0x8f380000,0x8f500000)]
  0xb5f80a08 JavaThread "Reference Handler" daemon [_thread_blocked, id=22738, stack(0x8f680000,0x8f800000)]
=>0xb5f04df8 JavaThread "main" [_thread_in_native, id=22736, stack(0xb605b000,0xb61da000)]

Other Threads:
  0xb5f73940 VMThread [stack: 0x8f9c8000,0x8fa67000] [id=22737]
  0xb5fc2270 WatcherThread [stack: 0x8f928000,0x8f9c7000] [id=22742]

VM state:not at safepoint (normal execution)

VM Mutex/Monitor currently owned by a thread: None

Heap
 def new generation   total 84480K, used 49579K [0x8fe20000, 0x959c0000, 0x9a8c0000)
  eden space 75136K,  53% used [0x8fe20000, 0x9256afa0, 0x94780000)
  from space 9344K, 100% used [0x950a0000, 0x959c0000, 0x959c0000)
  to   space 9344K,   0% used [0x94780000, 0x94780000, 0x950a0000)
 tenured generation   total 187520K, used 155119K [0x9a8c0000, 0xa5fe0000, 0xafe20000)
   the space 187520K,  82% used [0x9a8c0000, 0xa403bed0, 0xa403c000, 0xa5fe0000)
 compacting perm gen  total 4096K, used 2415K [0xafe20000, 0xb0220000, 0xb3e20000)
   the space 4096K,  58% used [0xafe20000, 0xb007be20, 0xb007c000, 0xb0220000)
No shared spaces configured.

Card table byte_map: [0x8fcff000,0x8fe20000] byte_map_base: 0x8f87ff00

Polling page: 0xb6f91000

Code Cache  [0xb3eb2000, 0xb3eda000, 0xb5eb2000)
 total_blobs=72 nmethods=0 adapters=65 free_code_cache=32698Kb largest_free_block=33483264

Compilation events (0 events):
No events

GC Heap History (10 events):
Event: 35.727 GC heap before
{Heap before GC invocations=30 (full 4):
 def new generation   total 46976K, used 46975K [0x8fe20000, 0x93100000, 0x9a8c0000)
  eden space 41856K,  99% used [0x8fe20000, 0x926fffd8, 0x92700000)
  from space 5120K, 100% used [0x92700000, 0x92c00000, 0x92c00000)
  to   space 5120K,   0% used [0x92c00000, 0x92c00000, 0x93100000)
 tenured generation   total 103936K, used 94548K [0x9a8c0000, 0xa0e40000, 0xafe20000)
   the space 103936K,  90% used [0x9a8c0000, 0xa05150f8, 0xa0515200, 0xa0e40000)
 compacting perm gen  total 4096K, used 2125K [0xafe20000, 0xb0220000, 0xb3e20000)
   the space 4096K,  51% used [0xafe20000, 0xb0033678, 0xb0033800, 0xb0220000)
No shared spaces configured.
Event: 35.875 GC heap after
Heap after GC invocations=31 (full 4):
 def new generation   total 46976K, used 5119K [0x8fe20000, 0x93100000, 0x9a8c0000)
  eden space 41856K,   0% used [0x8fe20000, 0x8fe20000, 0x92700000)
  from space 5120K,  99% used [0x92c00000, 0x930ffff8, 0x93100000)
  to   space 5120K,   0% used [0x92700000, 0x92700000, 0x92c00000)
 tenured generation   total 103936K, used 103490K [0x9a8c0000, 0xa0e40000, 0xafe20000)
   the space 103936K,  99% used [0x9a8c0000, 0xa0dd0980, 0xa0dd0a00, 0xa0e40000)
 compacting perm gen  total 4096K, used 2125K [0xafe20000, 0xb0220000, 0xb3e20000)
   the space 4096K,  51% used [0xafe20000, 0xb0033678, 0xb0033800, 0xb0220000)
No shared spaces configured.
}
Event: 38.932 GC heap before
{Heap before GC invocations=31 (full 4):
 def new generation   total 46976K, used 46975K [0x8fe20000, 0x93100000, 0x9a8c0000)
  eden space 41856K,  99% used [0x8fe20000, 0x926ffff0, 0x92700000)
  from space 5120K,  99% used [0x92c00000, 0x930ffff8, 0x93100000)
  to   space 5120K,   0% used [0x92700000, 0x92700000, 0x92c00000)
 tenured generation   total 103936K, used 103490K [0x9a8c0000, 0xa0e40000, 0xafe20000)
   the space 103936K,  99% used [0x9a8c0000, 0xa0dd0980, 0xa0dd0a00, 0xa0e40000)
 compacting perm gen  total 4096K, used 2125K [0xafe20000, 0xb0220000, 0xb3e20000)
   the space 4096K,  51% used [0xafe20000, 0xb0033678, 0xb0033800, 0xb0220000)
No shared spaces configured.
Event: 40.112 GC heap after
Heap after GC invocations=32 (full 5):
 def new generation   total 84480K, used 5042K [0x8fe20000, 0x959c0000, 0x9a8c0000)
  eden space 75136K,   6% used [0x8fe20000, 0x9030cbc0, 0x94780000)
  from space 9344K,   0% used [0x94780000, 0x94780000, 0x950a0000)
  to   space 9344K,   0% used [0x950a0000, 0x950a0000, 0x959c0000)
 tenured generation   total 187520K, used 112511K [0x9a8c0000, 0xa5fe0000, 0xafe20000)
   the space 187520K,  59% used [0x9a8c0000, 0xa169fff0, 0xa16a0000, 0xa5fe0000)
 compacting perm gen  total 4096K, used 2125K [0xafe20000, 0xb0220000, 0xb3e20000)
   the space 4096K,  51% used [0xafe20000, 0xb0033678, 0xb0033800, 0xb0220000)
No shared spaces configured.
}
Event: 45.433 GC heap before
{Heap before GC invocations=32 (full 5):
 def new generation   total 84480K, used 75133K [0x8fe20000, 0x959c0000, 0x9a8c0000)
  eden space 75136K,  99% used [0x8fe20000, 0x9477f7b0, 0x94780000)
  from space 9344K,   0% used [0x94780000, 0x94780000, 0x950a0000)
  to   space 9344K,   0% used [0x950a0000, 0x950a0000, 0x959c0000)
 tenured generation   total 187520K, used 112511K [0x9a8c0000, 0xa5fe0000, 0xafe20000)
   the space 187520K,  59% used [0x9a8c0000, 0xa169fff0, 0xa16a0000, 0xa5fe0000)
 compacting perm gen  total 4096K, used 2125K [0xafe20000, 0xb0220000, 0xb3e20000)
   the space 4096K,  51% used [0xafe20000, 0xb0033678, 0xb0033800, 0xb0220000)
No shared spaces configured.
Event: 45.951 GC heap after
Heap after GC invocations=33 (full 5):
 def new generation   total 84480K, used 9344K [0x8fe20000, 0x959c0000, 0x9a8c0000)
  eden space 75136K,   0% used [0x8fe20000, 0x8fe20000, 0x94780000)
  from space 9344K, 100% used [0x950a0000, 0x959c0000, 0x959c0000)
  to   space 9344K,   0% used [0x94780000, 0x94780000, 0x950a0000)
 tenured generation   total 187520K, used 123362K [0x9a8c0000, 0xa5fe0000, 0xafe20000)
   the space 187520K,  65% used [0x9a8c0000, 0xa2138910, 0xa2138a00, 0xa5fe0000)
 compacting perm gen  total 4096K, used 2125K [0xafe20000, 0xb0220000, 0xb3e20000)
   the space 4096K,  51% used [0xafe20000, 0xb0033678, 0xb0033800, 0xb0220000)
No shared spaces configured.
}
Event: 51.786 GC heap before
{Heap before GC invocations=33 (full 5):
 def new generation   total 84480K, used 84479K [0x8fe20000, 0x959c0000, 0x9a8c0000)
  eden space 75136K,  99% used [0x8fe20000, 0x9477fff0, 0x94780000)
  from space 9344K, 100% used [0x950a0000, 0x959c0000, 0x959c0000)
  to   space 9344K,   0% used [0x94780000, 0x94780000, 0x950a0000)
 tenured generation   total 187520K, used 123362K [0x9a8c0000, 0xa5fe0000, 0xafe20000)
   the space 187520K,  65% used [0x9a8c0000, 0xa2138910, 0xa2138a00, 0xa5fe0000)
 compacting perm gen  total 4096K, used 2125K [0xafe20000, 0xb0220000, 0xb3e20000)
   the space 4096K,  51% used [0xafe20000, 0xb0033678, 0xb0033800, 0xb0220000)
No shared spaces configured.
Event: 52.034 GC heap after
Heap after GC invocations=34 (full 5):
 def new generation   total 84480K, used 9344K [0x8fe20000, 0x959c0000, 0x9a8c0000)
  eden space 75136K,   0% used [0x8fe20000, 0x8fe20000, 0x94780000)
  from space 9344K, 100% used [0x94780000, 0x950a0000, 0x950a0000)
  to   space 9344K,   0% used [0x950a0000, 0x950a0000, 0x959c0000)
 tenured generation   total 187520K, used 139212K [0x9a8c0000, 0xa5fe0000, 0xafe20000)
   the space 187520K,  74% used [0x9a8c0000, 0xa30b32e8, 0xa30b3400, 0xa5fe0000)
 compacting perm gen  total 4096K, used 2125K [0xafe20000, 0xb0220000, 0xb3e20000)
   the space 4096K,  51% used [0xafe20000, 0xb0033678, 0xb0033800, 0xb0220000)
No shared spaces configured.
}
Event: 57.760 GC heap before
{Heap before GC invocations=34 (full 5):
 def new generation   total 84480K, used 84479K [0x8fe20000, 0x959c0000, 0x9a8c0000)
  eden space 75136K,  99% used [0x8fe20000, 0x9477ffe0, 0x94780000)
  from space 9344K, 100% used [0x94780000, 0x950a0000, 0x950a0000)
  to   space 9344K,   0% used [0x950a0000, 0x950a0000, 0x959c0000)
 tenured generation   total 187520K, used 139212K [0x9a8c0000, 0xa5fe0000, 0xafe20000)
   the space 187520K,  74% used [0x9a8c0000, 0xa30b32e8, 0xa30b3400, 0xa5fe0000)
 compacting perm gen  total 4096K, used 2125K [0xafe20000, 0xb0220000, 0xb3e20000)
   the space 4096K,  51% used [0xafe20000, 0xb0033678, 0xb0033800, 0xb0220000)
No shared spaces configured.
Event: 57.977 GC heap after
Heap after GC invocations=35 (full 5):
 def new generation   total 84480K, used 9344K [0x8fe20000, 0x959c0000, 0x9a8c0000)
  eden space 75136K,   0% used [0x8fe20000, 0x8fe20000, 0x94780000)
  from space 9344K, 100% used [0x950a0000, 0x959c0000, 0x959c0000)
  to   space 9344K,   0% used [0x94780000, 0x94780000, 0x950a0000)
 tenured generation   total 187520K, used 155119K [0x9a8c0000, 0xa5fe0000, 0xafe20000)
   the space 187520K,  82% used [0x9a8c0000, 0xa403bed0, 0xa403c000, 0xa5fe0000)
 compacting perm gen  total 4096K, used 2125K [0xafe20000, 0xb0220000, 0xb3e20000)
   the space 4096K,  51% used [0xafe20000, 0xb0033678, 0xb0033800, 0xb0220000)
No shared spaces configured.
}

Deoptimization events (0 events):
No events

Internal exceptions (10 events):
Event: 0.333 Thread 0xb5f04df8 Threw 0x8ff4a8a8 at /build/openjdk-6-cbd4PD/openjdk-6-6b36-1.13.8/build/openjdk/hotspot/src/share/vm/classfile/systemDictionary.cpp
Event: 0.333 Thread 0xb5f04df8 Threw 0x8ff4abd0 at /build/openjdk-6-cbd4PD/openjdk-6-6b36-1.13.8/build/openjdk/hotspot/src/share/vm/prims/jvm.cpp:1272
Event: 0.334 Thread 0xb5f04df8 Threw 0x8ff4d658 at /build/openjdk-6-cbd4PD/openjdk-6-6b36-1.13.8/build/openjdk/hotspot/src/share/vm/classfile/systemDictionary.cpp
Event: 0.334 Thread 0xb5f04df8 Threw 0x8ff4d980 at /build/openjdk-6-cbd4PD/openjdk-6-6b36-1.13.8/build/openjdk/hotspot/src/share/vm/prims/jvm.cpp:1272
Event: 0.335 Thread 0xb5f04df8 Threw 0x8ff50610 at /build/openjdk-6-cbd4PD/openjdk-6-6b36-1.13.8/build/openjdk/hotspot/src/share/vm/classfile/systemDictionary.cpp
Event: 0.335 Thread 0xb5f04df8 Threw 0x8ff50938 at /build/openjdk-6-cbd4PD/openjdk-6-6b36-1.13.8/build/openjdk/hotspot/src/share/vm/prims/jvm.cpp:1272
Event: 61.129 Thread 0xb5f04df8 Threw 0x9254d160 at /build/openjdk-6-cbd4PD/openjdk-6-6b36-1.13.8/build/openjdk/hotspot/src/share/vm/classfile/systemDictionary.cpp
Event: 61.130 Thread 0xb5f04df8 Threw 0x9254d468 at /build/openjdk-6-cbd4PD/openjdk-6-6b36-1.13.8/build/openjdk/hotspot/src/share/vm/prims/jvm.cpp:1272
Event: 4345.208 Thread 0xb5f04df8 Threw 0x9256aa18 at /build/openjdk-6-cbd4PD/openjdk-6-6b36-1.13.8/build/openjdk/hotspot/src/share/vm/classfile/systemDictionary.cpp
Event: 4345.208 Thread 0xb5f04df8 Threw 0x9256ad68 at /build/openjdk-6-cbd4PD/openjdk-6-6b36-1.13.8/build/openjdk/hotspot/src/share/vm/prims/jvm.cpp:1272

Events (10 events):
Event: 61.175 loading class 0x8e939118
Event: 61.175 loading class 0x8e939118 done
Event: 61.175 loading class 0x8e939c48
Event: 61.175 loading class 0x8e939c48 done
Event: 61.175 loading class 0x8e939078
Event: 61.176 loading class 0x8e939078 done
Event: 4345.207 loading class 0x8e943838
Event: 4345.208 loading class 0x8e943838 done
Event: 4345.208 loading class 0x8e9522d8
Event: 4345.208 loading class 0x8e9522d8 done


Dynamic libraries:
00008000-00010000 r-xp 00000000 b3:01 132414     /usr/lib/jvm/java-6-openjdk-armhf/jre/bin/java
00017000-00018000 r--p 00007000 b3:01 132414     /usr/lib/jvm/java-6-openjdk-armhf/jre/bin/java
00018000-00019000 rw-p 00008000 b3:01 132414     /usr/lib/jvm/java-6-openjdk-armhf/jre/bin/java
02006000-02027000 rw-p 00000000 00:00 0          [heap]
8e000000-8e029000 rw-p 00000000 00:00 0 
8e029000-8e100000 ---p 00000000 00:00 0 
8e200000-8e2fa000 rw-p 00000000 00:00 0 
8e2fa000-8e300000 ---p 00000000 00:00 0 
8e300000-8e3fb000 rw-p 00000000 00:00 0 
8e3fb000-8e400000 ---p 00000000 00:00 0 
8e400000-8e4f9000 rw-p 00000000 00:00 0 
8e4f9000-8e500000 ---p 00000000 00:00 0 
8e500000-8e5fa000 rw-p 00000000 00:00 0 
8e5fa000-8e600000 ---p 00000000 00:00 0 
8e600000-8e7fc000 rw-p 00000000 00:00 0 
8e7fc000-8e800000 ---p 00000000 00:00 0 
8e800000-8e821000 rw-p 00000000 00:00 0 
8e821000-8e900000 ---p 00000000 00:00 0 
8e900000-8e9fc000 rw-p 00000000 00:00 0 
8e9fc000-8ea00000 ---p 00000000 00:00 0 
8ea00000-8ea21000 rw-p 00000000 00:00 0 
8ea21000-8eb00000 ---p 00000000 00:00 0 
8eb80000-8eb83000 ---p 00000000 00:00 0 
8eb83000-8ed00000 rw-p 00000000 00:00 0          [stack:22741]
8ed00000-8ed21000 rw-p 00000000 00:00 0 
8ed21000-8ee00000 ---p 00000000 00:00 0 
8eef7000-8eefa000 ---p 00000000 00:00 0 
8eefa000-8f077000 rw-p 00000000 00:00 0          [stack:22740]
8f077000-8f200000 r--p 00000000 b3:01 390721     /usr/lib/locale/locale-archive
8f200000-8f221000 rw-p 00000000 00:00 0 
8f221000-8f300000 ---p 00000000 00:00 0 
8f380000-8f383000 ---p 00000000 00:00 0 
8f383000-8f500000 rw-p 00000000 00:00 0          [stack:22739]
8f500000-8f521000 rw-p 00000000 00:00 0 
8f521000-8f600000 ---p 00000000 00:00 0 
8f637000-8f65f000 rw-p 00000000 00:00 0 
8f65f000-8f680000 r--s 004d0000 b3:01 397576     /home/lobax/Documents/Programmering/Java/TinySearch/target/TinySearch-1.0-SNAPSHOT.jar (deleted)
8f680000-8f683000 ---p 00000000 00:00 0 
8f683000-8f800000 rw-p 00000000 00:00 0          [stack:22738]
8f800000-8f821000 rw-p 00000000 00:00 0 
8f821000-8f900000 ---p 00000000 00:00 0 
8f906000-8f927000 r--s 004d0000 b3:01 397576     /home/lobax/Documents/Programmering/Java/TinySearch/target/TinySearch-1.0-SNAPSHOT.jar (deleted)
8f927000-8f928000 ---p 00000000 00:00 0 
8f928000-8f9c7000 rw-p 00000000 00:00 0          [stack:22742]
8f9c7000-8f9c8000 ---p 00000000 00:00 0 
8f9c8000-8fa9b000 rw-p 00000000 00:00 0          [stack:22737]
8fa9b000-8fc33000 r--s 019e4000 b3:01 132461     /usr/lib/jvm/java-6-openjdk-armhf/jre/lib/rt.jar
8fc33000-8fc36000 rw-p 00000000 00:00 0 
8fc36000-8fc54000 rw-p 00000000 00:00 0 
8fc54000-8fcb0000 rw-p 00000000 00:00 0 
8fcb0000-8fcff000 rw-p 00000000 00:00 0 
8fcff000-8fd2d000 rw-p 00000000 00:00 0 
8fd2d000-8fd54000 rw-p 00000000 00:00 0 
8fd54000-8fdb0000 rw-p 00000000 00:00 0 
8fdb0000-8fdff000 rw-p 00000000 00:00 0 
8fdff000-8fe01000 rw-p 00000000 00:00 0 
8fe01000-8fe1f000 rw-p 00000000 00:00 0 
8fe1f000-959c0000 rw-p 00000000 00:00 0 
959c0000-9a8c0000 rw-p 00000000 00:00 0 
9a8c0000-a5fe0000 rw-p 00000000 00:00 0 
a5fe0000-afe20000 rw-p 00000000 00:00 0 
afe20000-b0220000 rw-p 00000000 00:00 0 
b0220000-b3e20000 rw-p 00000000 00:00 0 
b3e2b000-b3e32000 r--s 00054000 b3:01 132376     /usr/lib/jvm/java-6-openjdk-common/jre/lib/resources.jar
b3e32000-b3e33000 rw-p 00000000 00:00 0 
b3e33000-b3eb2000 rw-p 00000000 00:00 0 
b3eb2000-b3eda000 rwxp 00000000 00:00 0 
b3eda000-b5eb2000 rw-p 00000000 00:00 0 
b5eb2000-b5ebd000 r-xp 00000000 b3:01 132425     /usr/lib/jvm/java-6-openjdk-armhf/jre/lib/arm/libzip.so
b5ebd000-b5ec4000 ---p 0000b000 b3:01 132425     /usr/lib/jvm/java-6-openjdk-armhf/jre/lib/arm/libzip.so
b5ec4000-b5ec5000 r--p 0000a000 b3:01 132425     /usr/lib/jvm/java-6-openjdk-armhf/jre/lib/arm/libzip.so
b5ec5000-b5ec7000 rw-p 0000b000 b3:01 132425     /usr/lib/jvm/java-6-openjdk-armhf/jre/lib/arm/libzip.so
b5ec7000-b5ecf000 r-xp 00000000 b3:01 409897     /lib/arm-linux-gnueabihf/libnss_files-2.15.so
b5ecf000-b5ed6000 ---p 00008000 b3:01 409897     /lib/arm-linux-gnueabihf/libnss_files-2.15.so
b5ed6000-b5ed7000 r--p 00007000 b3:01 409897     /lib/arm-linux-gnueabihf/libnss_files-2.15.so
b5ed7000-b5ed8000 rw-p 00008000 b3:01 409897     /lib/arm-linux-gnueabihf/libnss_files-2.15.so
b5ed8000-b5edf000 r-xp 00000000 b3:01 409949     /lib/arm-linux-gnueabihf/libnss_nis-2.15.so
b5edf000-b5ee6000 ---p 00007000 b3:01 409949     /lib/arm-linux-gnueabihf/libnss_nis-2.15.so
b5ee6000-b5ee7000 r--p 00006000 b3:01 409949     /lib/arm-linux-gnueabihf/libnss_nis-2.15.so
b5ee7000-b5ee8000 rw-p 00007000 b3:01 409949     /lib/arm-linux-gnueabihf/libnss_nis-2.15.so
b5ee8000-b5ef5000 r-xp 00000000 b3:01 409907     /lib/arm-linux-gnueabihf/libnsl-2.15.so
b5ef5000-b5efc000 ---p 0000d000 b3:01 409907     /lib/arm-linux-gnueabihf/libnsl-2.15.so
b5efc000-b5efd000 r--p 0000c000 b3:01 409907     /lib/arm-linux-gnueabihf/libnsl-2.15.so
b5efd000-b5efe000 rw-p 0000d000 b3:01 409907     /lib/arm-linux-gnueabihf/libnsl-2.15.so
b5efe000-b5f00000 rw-p 00000000 00:00 0 
b5f00000-b5ffb000 rw-p 00000000 00:00 0 
b5ffb000-b6000000 ---p 00000000 00:00 0 
b6000000-b6004000 r--s 00041000 b3:01 132369     /usr/lib/jvm/java-6-openjdk-common/jre/lib/jsse.jar
b6004000-b6008000 r--s 00031000 b3:01 132353     /usr/lib/jvm/java-6-openjdk-common/jre/lib/ext/sunjce_provider.jar
b6008000-b600d000 r-xp 00000000 b3:01 409965     /lib/arm-linux-gnueabihf/libnss_compat-2.15.so
b600d000-b6014000 ---p 00005000 b3:01 409965     /lib/arm-linux-gnueabihf/libnss_compat-2.15.so
b6014000-b6015000 r--p 00004000 b3:01 409965     /lib/arm-linux-gnueabihf/libnss_compat-2.15.so
b6015000-b6016000 rw-p 00005000 b3:01 409965     /lib/arm-linux-gnueabihf/libnss_compat-2.15.so
b6016000-b6019000 r--s 0003a000 b3:01 132354     /usr/lib/jvm/java-6-openjdk-common/jre/lib/ext/sunpkcs11.jar
b6019000-b601c000 r--s 00078000 b3:01 132352     /usr/lib/jvm/java-6-openjdk-common/jre/lib/ext/localedata.jar
b601c000-b6024000 rw-s 00000000 00:0c 108259     /tmp/hsperfdata_lobax/22735
b6024000-b6042000 r-xp 00000000 b3:01 132452     /usr/lib/jvm/java-6-openjdk-armhf/jre/lib/arm/libjava.so
b6042000-b6049000 ---p 0001e000 b3:01 132452     /usr/lib/jvm/java-6-openjdk-armhf/jre/lib/arm/libjava.so
b6049000-b604a000 r--p 0001d000 b3:01 132452     /usr/lib/jvm/java-6-openjdk-armhf/jre/lib/arm/libjava.so
b604a000-b604c000 rw-p 0001e000 b3:01 132452     /usr/lib/jvm/java-6-openjdk-armhf/jre/lib/arm/libjava.so
b604c000-b6051000 r-xp 00000000 b3:01 409973     /lib/arm-linux-gnueabihf/librt-2.15.so
b6051000-b6058000 ---p 00005000 b3:01 409973     /lib/arm-linux-gnueabihf/librt-2.15.so
b6058000-b6059000 r--p 00004000 b3:01 409973     /lib/arm-linux-gnueabihf/librt-2.15.so
b6059000-b605a000 rw-p 00005000 b3:01 409973     /lib/arm-linux-gnueabihf/librt-2.15.so
b605a000-b605e000 ---p 00000000 00:00 0 
b605e000-b61da000 rw-p 00000000 00:00 0          [stack:22736]
b61da000-b69da000 rwxp 00000000 00:00 0 
b69da000-b69e2000 r-xp 00000000 b3:01 395015     /lib/arm-linux-gnueabihf/libgcc_s.so.1
b69e2000-b69e9000 ---p 00008000 b3:01 395015     /lib/arm-linux-gnueabihf/libgcc_s.so.1
b69e9000-b69ea000 r--p 00007000 b3:01 395015     /lib/arm-linux-gnueabihf/libgcc_s.so.1
b69ea000-b69eb000 rw-p 00008000 b3:01 395015     /lib/arm-linux-gnueabihf/libgcc_s.so.1
b69eb000-b6a4c000 r-xp 00000000 b3:01 409929     /lib/arm-linux-gnueabihf/libm-2.15.so
b6a4c000-b6a53000 ---p 00061000 b3:01 409929     /lib/arm-linux-gnueabihf/libm-2.15.so
b6a53000-b6a54000 r--p 00060000 b3:01 409929     /lib/arm-linux-gnueabihf/libm-2.15.so
b6a54000-b6a55000 rw-p 00061000 b3:01 409929     /lib/arm-linux-gnueabihf/libm-2.15.so
b6a55000-b6ae9000 r-xp 00000000 b3:01 393005     /usr/lib/arm-linux-gnueabihf/libstdc++.so.6.0.16
b6ae9000-b6af1000 ---p 00094000 b3:01 393005     /usr/lib/arm-linux-gnueabihf/libstdc++.so.6.0.16
b6af1000-b6af4000 r--p 00094000 b3:01 393005     /usr/lib/arm-linux-gnueabihf/libstdc++.so.6.0.16
b6af4000-b6af6000 rw-p 00097000 b3:01 393005     /usr/lib/arm-linux-gnueabihf/libstdc++.so.6.0.16
b6af6000-b6afc000 rw-p 00000000 00:00 0 
b6afc000-b6dcf000 r-xp 00000000 b3:01 132456     /usr/lib/jvm/java-6-openjdk-armhf/jre/lib/arm/server/libjvm.so
b6dcf000-b6dd7000 ---p 002d3000 b3:01 132456     /usr/lib/jvm/java-6-openjdk-armhf/jre/lib/arm/server/libjvm.so
b6dd7000-b6de5000 r--p 002d3000 b3:01 132456     /usr/lib/jvm/java-6-openjdk-armhf/jre/lib/arm/server/libjvm.so
b6de5000-b6df6000 rw-p 002e1000 b3:01 132456     /usr/lib/jvm/java-6-openjdk-armhf/jre/lib/arm/server/libjvm.so
b6df6000-b6e52000 rw-p 00000000 00:00 0 
b6e52000-b6f28000 r-xp 00000000 b3:01 409900     /lib/arm-linux-gnueabihf/libc-2.15.so
b6f28000-b6f2f000 ---p 000d6000 b3:01 409900     /lib/arm-linux-gnueabihf/libc-2.15.so
b6f2f000-b6f31000 r--p 000d5000 b3:01 409900     /lib/arm-linux-gnueabihf/libc-2.15.so
b6f31000-b6f32000 rw-p 000d7000 b3:01 409900     /lib/arm-linux-gnueabihf/libc-2.15.so
b6f32000-b6f35000 rw-p 00000000 00:00 0 
b6f35000-b6f37000 r-xp 00000000 b3:01 409931     /lib/arm-linux-gnueabihf/libdl-2.15.so
b6f37000-b6f3e000 ---p 00002000 b3:01 409931     /lib/arm-linux-gnueabihf/libdl-2.15.so
b6f3e000-b6f3f000 r--p 00001000 b3:01 409931     /lib/arm-linux-gnueabihf/libdl-2.15.so
b6f3f000-b6f40000 rw-p 00002000 b3:01 409931     /lib/arm-linux-gnueabihf/libdl-2.15.so
b6f40000-b6f45000 r-xp 00000000 b3:01 132446     /usr/lib/jvm/java-6-openjdk-armhf/jre/lib/arm/jli/libjli.so
b6f45000-b6f4c000 ---p 00005000 b3:01 132446     /usr/lib/jvm/java-6-openjdk-armhf/jre/lib/arm/jli/libjli.so
b6f4c000-b6f4d000 r--p 00004000 b3:01 132446     /usr/lib/jvm/java-6-openjdk-armhf/jre/lib/arm/jli/libjli.so
b6f4d000-b6f4f000 rw-p 00005000 b3:01 132446     /usr/lib/jvm/java-6-openjdk-armhf/jre/lib/arm/jli/libjli.so
b6f4f000-b6f5f000 r-xp 00000000 b3:01 409953     /lib/arm-linux-gnueabihf/libpthread-2.15.so
b6f5f000-b6f66000 ---p 00010000 b3:01 409953     /lib/arm-linux-gnueabihf/libpthread-2.15.so
b6f66000-b6f67000 r--p 0000f000 b3:01 409953     /lib/arm-linux-gnueabihf/libpthread-2.15.so
b6f67000-b6f68000 rw-p 00010000 b3:01 409953     /lib/arm-linux-gnueabihf/libpthread-2.15.so
b6f68000-b6f6a000 rw-p 00000000 00:00 0 
b6f6a000-b6f6c000 r--s 0000f000 b3:01 132356     /usr/lib/jvm/java-6-openjdk-common/jre/lib/ext/pulse-java.jar
b6f6c000-b6f6e000 r--s 00001000 b3:01 132355     /usr/lib/jvm/java-6-openjdk-common/jre/lib/ext/dnsns.jar
b6f6e000-b6f76000 r-xp 00000000 b3:01 132429     /usr/lib/jvm/java-6-openjdk-armhf/jre/lib/arm/libverify.so
b6f76000-b6f77000 r--p 00008000 b3:01 132429     /usr/lib/jvm/java-6-openjdk-armhf/jre/lib/arm/libverify.so
b6f77000-b6f78000 rw-p 00009000 b3:01 132429     /usr/lib/jvm/java-6-openjdk-armhf/jre/lib/arm/libverify.so
b6f78000-b6f8f000 r-xp 00000000 b3:01 409957     /lib/arm-linux-gnueabihf/ld-2.15.so
b6f8f000-b6f90000 r--s 00007000 b3:01 131814     /usr/share/java/java-atk-wrapper.jar
b6f90000-b6f91000 rw-p 00000000 00:00 0 
b6f91000-b6f92000 r--p 00000000 00:00 0 
b6f92000-b6f96000 rw-p 00000000 00:00 0 
b6f96000-b6f97000 r--p 00016000 b3:01 409957     /lib/arm-linux-gnueabihf/ld-2.15.so
b6f97000-b6f98000 rw-p 00017000 b3:01 409957     /lib/arm-linux-gnueabihf/ld-2.15.so
bec92000-becc6000 rw-p 00000000 00:00 0          [stack]
ffff0000-ffff1000 r-xp 00000000 00:00 0          [vectors]

VM Arguments:
java_command: target/TinySearch-1.0-SNAPSHOT.jar
Launcher Type: SUN_STANDARD

Environment Variables:
PATH=/usr/local/bin:/usr/bin:/bin:/usr/local/games:/usr/games
LD_LIBRARY_PATH=/usr/lib/jvm/java-6-openjdk-armhf/jre/lib/arm/server:/usr/lib/jvm/java-6-openjdk-armhf/jre/lib/arm:/usr/lib/jvm/java-6-openjdk-armhf/jre/../lib/arm
SHELL=/bin/bash

Signal Handlers:
SIGSEGV: [libjvm.so+0x2869cd], sa_mask[0]=0x7ffbfeff, sa_flags=0x10000004
SIGBUS: [libjvm.so+0x2869cd], sa_mask[0]=0x7ffbfeff, sa_flags=0x10000004
SIGFPE: [libjvm.so+0x2015d9], sa_mask[0]=0x7ffbfeff, sa_flags=0x10000004
SIGPIPE: [libjvm.so+0x2015d9], sa_mask[0]=0x7ffbfeff, sa_flags=0x10000004
SIGXFSZ: [libjvm.so+0x2015d9], sa_mask[0]=0x7ffbfeff, sa_flags=0x10000004
SIGILL: [libjvm.so+0x2015d9], sa_mask[0]=0x7ffbfeff, sa_flags=0x10000004
SIGUSR1: SIG_DFL, sa_mask[0]=0x00000000, sa_flags=0x00000000
SIGUSR2: [libjvm.so+0x201789], sa_mask[0]=0x00000000, sa_flags=0x10000004
SIGHUP: [libjvm.so+0x201fcd], sa_mask[0]=0x7ffbfeff, sa_flags=0x10000004
SIGINT: [libjvm.so+0x201fcd], sa_mask[0]=0x7ffbfeff, sa_flags=0x10000004
SIGTERM: [libjvm.so+0x201fcd], sa_mask[0]=0x7ffbfeff, sa_flags=0x10000004
SIGQUIT: [libjvm.so+0x201fcd], sa_mask[0]=0x7ffbfeff, sa_flags=0x10000004


---------------  S Y S T E M  ---------------

OS:Ubuntu 12.04 (precise)
uname:Linux 3.8.11 #1 SMP Thu Sep 17 22:54:20 PDT 2015 armv7l
libc:glibc 2.15 NPTL 2.15 
rlimit: STACK 8192k, CORE 0k, NPROC 28187, NOFILE 2048, AS infinity
load average:0.43 0.52 0.57

/proc/meminfo:
MemTotal:        3608376 kB
MemFree:         1269624 kB
Buffers:           55984 kB
Cached:           661840 kB
SwapCached:            0 kB
Active:          1575324 kB
Inactive:         547908 kB
Active(anon):    1407500 kB
Inactive(anon):    82036 kB
Active(file):     167824 kB
Inactive(file):   465872 kB
Unevictable:           0 kB
Mlocked:               0 kB
HighTotal:       2881788 kB
HighFree:         711168 kB
LowTotal:         726588 kB
LowFree:          558456 kB
SwapTotal:       3523804 kB
SwapFree:        3523804 kB
Dirty:               632 kB
Writeback:             0 kB
AnonPages:       1405508 kB
Mapped:           199864 kB
Shmem:             84140 kB
Slab:              60576 kB
SReclaimable:      38796 kB
SUnreclaim:        21780 kB
KernelStack:        4376 kB
PageTables:        15428 kB
NFS_Unstable:          0 kB
Bounce:                0 kB
WritebackTmp:          0 kB
CommitLimit:     5327992 kB
Committed_AS:    4892936 kB
VmallocTotal:     245760 kB
VmallocUsed:       40924 kB
VmallocChunk:     105920 kB


CPU:total 8 

/proc/cpuinfo:
processor	: 0
model name	: ARMv7 Processor rev 3 (v7l)
BogoMIPS	: 48.00
Features	: swp half thumb fastmult vfp edsp thumbee neon vfpv3 tls vfpv4 idiva idivt 
CPU implementer	: 0x41
CPU architecture: 7
CPU variant	: 0x2
CPU part	: 0xc0f
CPU revision	: 3

processor	: 1
model name	: ARMv7 Processor rev 3 (v7l)
BogoMIPS	: 48.00
Features	: swp half thumb fastmult vfp edsp thumbee neon vfpv3 tls vfpv4 idiva idivt 
CPU implementer	: 0x41
CPU architecture: 7
CPU variant	: 0x2
CPU part	: 0xc0f
CPU revision	: 3

processor	: 2
model name	: ARMv7 Processor rev 3 (v7l)
BogoMIPS	: 48.00
Features	: swp half thumb fastmult vfp edsp thumbee neon vfpv3 tls vfpv4 idiva idivt 
CPU implementer	: 0x41
CPU architecture: 7
CPU variant	: 0x2
CPU part	: 0xc0f
CPU revision	: 3

processor	: 3
model name	: ARMv7 Processor rev 3 (v7l)
BogoMIPS	: 48.00
Features	: swp half thumb fastmult vfp edsp thumbee neon vfpv3 tls vfpv4 idiva idivt 
CPU implementer	: 0x41
CPU architecture: 7
CPU variant	: 0x2
CPU part	: 0xc0f
CPU revision	: 3

Hardware	: SAMSUNG EXYNOS5 (Flattened Device Tree)
Revision	: 0000
Serial		: 0000000000000000


Memory: 4k page, physical 3608376k(1269624k free), swap 3523804k(3523804k free)

vm_info: OpenJDK Zero VM (23.25-b01) for linux-arm-vfp JRE (1.6.0_36-b36), built on Aug  1 2015 19:42:37 by "buildd" with gcc 4.6.3

time: Fri Oct  2 16:30:36 2015
elapsed time: 4345 seconds

