#
# A fatal error has been detected by the Java Runtime Environment:
#
#  Internal Error (os_linux_zero.cpp:285), pid=942, tid=3055387760
#  fatal error: caught unhandled signal 7
#
# JRE version: 6.0_36-b36
# Java VM: OpenJDK Zero VM (23.25-b01 mixed mode linux-arm )
# Derivative: IcedTea6 1.13.8
# Distribution: Ubuntu 12.04 LTS, package 6b36-1.13.8-0ubuntu1~12.04
# Failed to write core dump. Core dumps have been disabled. To enable core dumping, try "ulimit -c unlimited" before starting Java again
#
# If you would like to submit a bug report, please include
# instructions how to reproduce the bug and visit:
#   https://bugs.launchpad.net/ubuntu/+source/openjdk-6/
# The crash happened outside the Java Virtual Machine in native code.
# See problematic frame for where to report the bug.
#

---------------  T H R E A D  ---------------

Current thread (0xb5f04dd8):  JavaThread "main" [_thread_in_native, id=943, stack(0xb605a000,0xb61d9000)]

Stack: [0xb605a000,0xb61d9000],  sp=0xb611a8ac,  free space=770k
Java frames:
 0xb61d755c: istate->_thread       = 0xb5f04dd8
 0xb61d7560: istate->_bcp          = 0x00000000
 0xb61d7564: istate->_locals       = 0xb61d75b4
 0xb61d7568: istate->_constants    = 0xaff88098
 0xb61d756c: istate->_method       = java.util.zip.ZipFile.getEntry(JLjava/lang/String;Z)J
 0xb61d7570: istate->_mdx          = 0xb61d75b4
 0xb61d7574: istate->_stack        = 0xaff88098
 0xb61d7578: istate->_msg          = 0x00000000
 0xb61d757c: istate->_result       = 0xb61d752c
 0xb61d7580: (istate->_result)     = 0xb61d755c
 0xb61d7584: (istate->_result)     = 0x00000000
 0xb61d7588: istate->_prev_link    = 0xb61d7538
 0xb61d758c: istate->_oop_temp     = 0x9acc9960
 0xb61d7590: istate->_stack_base   = 0xb61d755c
 0xb61d7594: istate->_stack_limit  = 0xb61d7558
 0xb61d7598: istate->_monitor_base = 0xb61d755c
 0xb61d759c: istate->_self_link    = 0xb61d755c
 0xb61d75a0: frame_type            = INTERPRETER_FRAME
 0xb61d75a4: next_frame            = 0xb61d7608

 0xb61d75a8: local[3]              = 0x00000001
 0xb61d75ac: local[2]              = 0x90e873b0
 0xb61d75b0: local[1]              = 0x8e920ec8
 0xb61d75b4: local[0]              = 0xffffffff
 0xb61d75b8: monitor[0]->_lock     = 0x00000001
 0xb61d75bc: monitor[0]->_obj      = 0x9adaf980
 0xb61d75c0: istate->_thread       = 0xb5f04dd8
 0xb61d75c4: istate->_bcp          = 0xaff8639f (bci 31)
 0xb61d75c8: istate->_locals       = 0xb61d7624
 0xb61d75cc: istate->_constants    = 0xaff88098
 0xb61d75d0: istate->_method       = java.util.zip.ZipFile.getEntry(Ljava/lang/String;)Ljava/util/zip/ZipEntry;
 0xb61d75d4: istate->_mdx          = 0xaff83a8a
 0xb61d75d8: istate->_stack        = 0xb61d75a4
 0xb61d75dc: istate->_msg          = 0x00000000
 0xb61d75e0: istate->_result       = 0xaff83ad0
 0xb61d75e4: (istate->_result)     = 0x00000000
 0xb61d75e8: (istate->_result)     = 0xb61d75c4
 0xb61d75ec: istate->_prev_link    = 0x00000000
 0xb61d75f0: istate->_oop_temp     = 0x00000000
 0xb61d75f4: istate->_stack_base   = 0xb61d75b8
 0xb61d75f8: istate->_stack_limit  = 0xb61d75a0
 0xb61d75fc: istate->_monitor_base = 0xb61d75c0
 0xb61d7600: istate->_self_link    = 0xb61d75c0
 0xb61d7604: frame_type            = INTERPRETER_FRAME
 0xb61d7608: next_frame            = 0xb61d7670

 0xb61d760c: local[6]              = 0x00000000
 0xb61d7610: local[5]              = 0x00000000
 0xb61d7614: local[4]              = 0x9adaf980
 0xb61d7618: local[3]              = 0x00000000
 0xb61d761c: local[2]              = 0x00000000
 0xb61d7620: local[1]              = 0x90e873b0
 0xb61d7624: local[0]              = 0x9adaf980
 0xb61d7628: istate->_thread       = 0xb5f04dd8
 0xb61d762c: istate->_bcp          = 0xaff83a8a (bci 2)
 0xb61d7630: istate->_locals       = 0xb61d767c
 0xb61d7634: istate->_constants    = 0xaff88438
 0xb61d7638: istate->_method       = java.util.jar.JarFile.getEntry(Ljava/lang/String;)Ljava/util/zip/ZipEntry;
 0xb61d763c: istate->_mdx          = 0x00000000
 0xb61d7640: istate->_stack        = 0xb61d761c
 0xb61d7644: istate->_msg          = 0x00000000
 0xb61d7648: istate->_result       = 0x00000000
 0xb61d764c: (istate->_result)     = 0xb61d7618
 0xb61d7650: (istate->_result)     = 0xb61d7608
 0xb61d7654: istate->_prev_link    = 0x00000000
 0xb61d7658: istate->_oop_temp     = 0x00000000
 0xb61d765c: istate->_stack_base   = 0xb61d7628
 0xb61d7660: istate->_stack_limit  = 0xb61d7614
 0xb61d7664: istate->_monitor_base = 0xb61d7628
 0xb61d7668: istate->_self_link    = 0xb61d7628
 0xb61d766c: frame_type            = INTERPRETER_FRAME
 0xb61d7670: next_frame            = 0xb61d76c8

 0xb61d7674: local[2]              = 0x00000000
 0xb61d7678: local[1]              = 0x90e873b0
 0xb61d767c: local[0]              = 0x9adaf980
 0xb61d7680: istate->_thread       = 0xb5f04dd8
 0xb61d7684: istate->_bcp          = 0xaff839e2 (bci 2)
 0xb61d7688: istate->_locals       = 0xb61d76d0
 0xb61d768c: istate->_constants    = 0xaff88438
 0xb61d7690: istate->_method       = java.util.jar.JarFile.getJarEntry(Ljava/lang/String;)Ljava/util/jar/JarEntry;
 0xb61d7694: istate->_mdx          = 0x00000000
 0xb61d7698: istate->_stack        = 0xb61d7674
 0xb61d769c: istate->_msg          = 0x00000000
 0xb61d76a0: istate->_result       = 0x00000000
 0xb61d76a4: (istate->_result)     = 0x00000000
 0xb61d76a8: (istate->_result)     = 0x00000000
 0xb61d76ac: istate->_prev_link    = 0xb61d7678
 0xb61d76b0: istate->_oop_temp     = 0x00000000
 0xb61d76b4: istate->_stack_base   = 0xb61d7680
 0xb61d76b8: istate->_stack_limit  = 0xb61d7674
 0xb61d76bc: istate->_monitor_base = 0xb61d7680
 0xb61d76c0: istate->_self_link    = 0xb61d7680
 0xb61d76c4: frame_type            = INTERPRETER_FRAME
 0xb61d76c8: next_frame            = 0xb61d771c

 0xb61d76cc: local[1]              = 0x90e873b0
 0xb61d76d0: local[0]              = 0x9adaf980
 0xb61d76d4: istate->_thread       = 0xb5f04dd8
 0xb61d76d8: istate->_bcp          = 0xaffa03a0 (bci 48)
 0xb61d76dc: istate->_locals       = 0xb61d7730
 0xb61d76e0: istate->_constants    = 0xaffa1e20
 0xb61d76e4: istate->_method       = sun.misc.URLClassPath$JarLoader.getResource(Ljava/lang/String;Z)Lsun/misc/Resource;
 0xb61d76e8: istate->_mdx          = 0xaff7f350
 0xb61d76ec: istate->_stack        = 0xb61d76c8
 0xb61d76f0: istate->_msg          = 0x00000000
 0xb61d76f4: istate->_result       = 0x00000000
 0xb61d76f8: (istate->_result)     = 0x00000000
 0xb61d76fc: (istate->_result)     = 0x00000000
 0xb61d7700: istate->_prev_link    = 0xb61d76cc
 0xb61d7704: istate->_oop_temp     = 0x00000000
 0xb61d7708: istate->_stack_base   = 0xb61d76d4
 0xb61d770c: istate->_stack_limit  = 0xb61d76c0
 0xb61d7710: istate->_monitor_base = 0xb61d76d4
 0xb61d7714: istate->_self_link    = 0xb61d76d4
 0xb61d7718: frame_type            = INTERPRETER_FRAME
 0xb61d771c: next_frame            = 0xb61d777c

 0xb61d7720: local[4]              = 0x00000000
 0xb61d7724: local[3]              = 0x00000000
 0xb61d7728: local[2]              = 0x00000001
 0xb61d772c: local[1]              = 0x90e873b0
 0xb61d7730: local[0]              = 0x9ada72e8
 0xb61d7734: istate->_thread       = 0xb5f04dd8
 0xb61d7738: istate->_bcp          = 0xaffa0283 (bci 3)
 0xb61d773c: istate->_locals       = 0xb61d778c
 0xb61d7740: istate->_constants    = 0xaffa1e20
 0xb61d7744: istate->_method       = sun.misc.URLClassPath$JarLoader.findResource(Ljava/lang/String;Z)Ljava/net/URL;
 0xb61d7748: istate->_mdx          = 0xb61d7720
 0xb61d774c: istate->_stack        = 0xb61d7724
 0xb61d7750: istate->_msg          = 0x00000000
 0xb61d7754: istate->_result       = 0x00000000
 0xb61d7758: (istate->_result)     = 0x00000000
 0xb61d775c: (istate->_result)     = 0xb61d771c
 0xb61d7760: istate->_prev_link    = 0x00000000
 0xb61d7764: istate->_oop_temp     = 0x00000000
 0xb61d7768: istate->_stack_base   = 0xb61d7734
 0xb61d776c: istate->_stack_limit  = 0xb61d7724
 0xb61d7770: istate->_monitor_base = 0xb61d7734
 0xb61d7774: istate->_self_link    = 0xb61d7734
 0xb61d7778: frame_type            = INTERPRETER_FRAME
 0xb61d777c: next_frame            = 0xb61d77d8

 0xb61d7780: local[3]              = 0x00000000
 0xb61d7784: local[2]              = 0x00000001
 0xb61d7788: local[1]              = 0x90e873b0
 0xb61d778c: local[0]              = 0x9ada72e8
 0xb61d7790: istate->_thread       = 0xb5f04dd8
 0xb61d7794: istate->_bcp          = 0xaff7ed39 (bci 17)
 0xb61d7798: istate->_locals       = 0xb61d77f0
 0xb61d779c: istate->_constants    = 0xaff7fea8
 0xb61d77a0: istate->_method       = sun.misc.URLClassPath.findResource(Ljava/lang/String;Z)Ljava/net/URL;
 0xb61d77a4: istate->_mdx          = 0xb61d77e8
 0xb61d77a8: istate->_stack        = 0xb61d7780
 0xb61d77ac: istate->_msg          = 0x00000000
 0xb61d77b0: istate->_result       = 0xafe21358
 0xb61d77b4: (istate->_result)     = 0xb61d778c
 0xb61d77b8: (istate->_result)     = 0x00000000
 0xb61d77bc: istate->_prev_link    = 0x00000000
 0xb61d77c0: istate->_oop_temp     = 0x00000000
 0xb61d77c4: istate->_stack_base   = 0xb61d7790
 0xb61d77c8: istate->_stack_limit  = 0xb61d7780
 0xb61d77cc: istate->_monitor_base = 0xb61d7790
 0xb61d77d0: istate->_self_link    = 0xb61d7790
 0xb61d77d4: frame_type            = INTERPRETER_FRAME
 0xb61d77d8: next_frame            = 0xb61d783c

 0xb61d77dc: local[5]              = 0x00000000
 0xb61d77e0: local[4]              = 0x00000000
 0xb61d77e4: local[3]              = 0x9ada72e8
 0xb61d77e8: local[2]              = 0x00000001
 0xb61d77ec: local[1]              = 0x90e873b0
 0xb61d77f0: local[0]              = 0x9ad7ca70
 0xb61d77f4: istate->_thread       = 0xb5f04dd8
 0xb61d77f8: istate->_bcp          = 0xb0024814 (bci 12)
 0xb61d77fc: istate->_locals       = 0xb61d7840
 0xb61d7800: istate->_constants    = 0xb00249f8
 0xb61d7804: istate->_method       = java.net.URLClassLoader$2.run()Ljava/lang/Object;
 0xb61d7808: istate->_mdx          = 0xafe21358
 0xb61d780c: istate->_stack        = 0xb61d77e4
 0xb61d7810: istate->_msg          = 0x00000000
 0xb61d7814: istate->_result       = 0x00000000
 0xb61d7818: (istate->_result)     = 0x90e872b8
 0xb61d781c: (istate->_result)     = 0x00000000
 0xb61d7820: istate->_prev_link    = 0x00000000
 0xb61d7824: istate->_oop_temp     = 0x00000000
 0xb61d7828: istate->_stack_base   = 0xb61d77f4
 0xb61d782c: istate->_stack_limit  = 0xb61d77e4
 0xb61d7830: istate->_monitor_base = 0xb61d77f4
 0xb61d7834: istate->_self_link    = 0xb61d77f4
 0xb61d7838: frame_type            = INTERPRETER_FRAME
 0xb61d783c: next_frame            = 0xb61d784c

 0xb61d7840: local[0]              = 0x90e873d8
 0xb61d7844: call_wrapper          = 0xb611b368
 0xb61d7848: frame_type            = ENTRY_FRAME
 0xb61d784c: next_frame            = 0xb61d7898

 0xb61d7850: istate->_thread       = 0xb5f04dd8
 0xb61d7854: istate->_bcp          = 0x00000000
 0xb61d7858: istate->_locals       = 0xb61d78a0
 0xb61d785c: istate->_constants    = 0xafe97988
 0xb61d7860: istate->_method       = java.security.AccessController.doPrivileged(Ljava/security/PrivilegedAction;Ljava/security/AccessControlContext;)Ljava/lang/Object;
 0xb61d7864: istate->_mdx          = 0x00000000
 0xb61d7868: istate->_stack        = 0x00000000
 0xb61d786c: istate->_msg          = 0x00000000
 0xb61d7870: istate->_result       = 0xafe21358
 0xb61d7874: (istate->_result)     = 0x00000000
 0xb61d7878: (istate->_result)     = 0x00000000
 0xb61d787c: istate->_prev_link    = 0xb61d7848
 0xb61d7880: istate->_oop_temp     = 0x9accea90
 0xb61d7884: istate->_stack_base   = 0xb61d7850
 0xb61d7888: istate->_stack_limit  = 0xb61d784c
 0xb61d788c: istate->_monitor_base = 0xb61d7850
 0xb61d7890: istate->_self_link    = 0xb61d7850
 0xb61d7894: frame_type            = INTERPRETER_FRAME
 0xb61d7898: next_frame            = 0xb61d78ec

 0xb61d789c: local[1]              = 0x9ad7ca90
 0xb61d78a0: local[0]              = 0x90e873d8
 0xb61d78a4: istate->_thread       = 0xb5f04dd8
 0xb61d78a8: istate->_bcp          = 0xaff439fd (bci 13)
 0xb61d78ac: istate->_locals       = 0xb61d78f8
 0xb61d78b0: istate->_constants    = 0xaff453d8
 0xb61d78b4: istate->_method       = java.net.URLClassLoader.findResource(Ljava/lang/String;)Ljava/net/URL;
 0xb61d78b8: istate->_mdx          = 0xb001ed38
 0xb61d78bc: istate->_stack        = 0xb61d7898
 0xb61d78c0: istate->_msg          = 0x00000000
 0xb61d78c4: istate->_result       = 0xb61d7890
 0xb61d78c8: (istate->_result)     = 0xb61d7880
 0xb61d78cc: (istate->_result)     = 0xb61d7890
 0xb61d78d0: istate->_prev_link    = 0xb61d7890
 0xb61d78d4: istate->_oop_temp     = 0x00000000
 0xb61d78d8: istate->_stack_base   = 0xb61d78a4
 0xb61d78dc: istate->_stack_limit  = 0xb61d7890
 0xb61d78e0: istate->_monitor_base = 0xb61d78a4
 0xb61d78e4: istate->_self_link    = 0xb61d78a4
 0xb61d78e8: frame_type            = INTERPRETER_FRAME
 0xb61d78ec: next_frame            = 0xb61d7944

 0xb61d78f0: local[2]              = 0x00000000
 0xb61d78f4: local[1]              = 0x90e873b0
 0xb61d78f8: local[0]              = 0x9acc0af0
 0xb61d78fc: istate->_thread       = 0xb5f04dd8
 0xb61d7900: istate->_bcp          = 0xafe34956 (bci 30)
 0xb61d7904: istate->_locals       = 0xb61d7950
 0xb61d7908: istate->_constants    = 0xafe86348
 0xb61d790c: istate->_method       = java.lang.ClassLoader.getResource(Ljava/lang/String;)Ljava/net/URL;
 0xb61d7910: istate->_mdx          = 0xafe85078
 0xb61d7914: istate->_stack        = 0xb61d78f0
 0xb61d7918: istate->_msg          = 0x00000000
 0xb61d791c: istate->_result       = 0xafe21358
 0xb61d7920: (istate->_result)     = 0x00000000
 0xb61d7924: (istate->_result)     = 0xb61d78f0
 0xb61d7928: istate->_prev_link    = 0xb61d78d4
 0xb61d792c: istate->_oop_temp     = 0x00000000
 0xb61d7930: istate->_stack_base   = 0xb61d78fc
 0xb61d7934: istate->_stack_limit  = 0xb61d78f0
 0xb61d7938: istate->_monitor_base = 0xb61d78fc
 0xb61d793c: istate->_self_link    = 0xb61d78fc
 0xb61d7940: frame_type            = INTERPRETER_FRAME
 0xb61d7944: next_frame            = 0xb61d799c

 0xb61d7948: local[2]              = 0x00000000
 0xb61d794c: local[1]              = 0x90e873b0
 0xb61d7950: local[0]              = 0x9acc0af0
 0xb61d7954: istate->_thread       = 0xb5f04dd8
 0xb61d7958: istate->_bcp          = 0xafe3500a (bci 2)
 0xb61d795c: istate->_locals       = 0xb61d79ac
 0xb61d7960: istate->_constants    = 0xafe86348
 0xb61d7964: istate->_method       = java.lang.ClassLoader.getResourceAsStream(Ljava/lang/String;)Ljava/io/InputStream;
 0xb61d7968: istate->_mdx          = 0xb61d79ac
 0xb61d796c: istate->_stack        = 0xb61d7948
 0xb61d7970: istate->_msg          = 0x00000000
 0xb61d7974: istate->_result       = 0xb61d7950
 0xb61d7978: (istate->_result)     = 0x00000000
 0xb61d797c: (istate->_result)     = 0x00000000
 0xb61d7980: istate->_prev_link    = 0x00000000
 0xb61d7984: istate->_oop_temp     = 0x00000000
 0xb61d7988: istate->_stack_base   = 0xb61d7954
 0xb61d798c: istate->_stack_limit  = 0xb61d7948
 0xb61d7990: istate->_monitor_base = 0xb61d7954
 0xb61d7994: istate->_self_link    = 0xb61d7954
 0xb61d7998: frame_type            = INTERPRETER_FRAME
 0xb61d799c: next_frame            = 0xb61d79f8

 0xb61d79a0: local[3]              = 0x00000000
 0xb61d79a4: local[2]              = 0x00000000
 0xb61d79a8: local[1]              = 0x90e873b0
 0xb61d79ac: local[0]              = 0x9acc0af0
 0xb61d79b0: istate->_thread       = 0xb5f04dd8
 0xb61d79b4: istate->_bcp          = 0xafe2dce6 (bci 22)
 0xb61d79b8: istate->_locals       = 0xb61d7a04
 0xb61d79bc: istate->_constants    = 0xafe943f8
 0xb61d79c0: istate->_method       = java.lang.Class.getResourceAsStream(Ljava/lang/String;)Ljava/io/InputStream;
 0xb61d79c4: istate->_mdx          = 0xafe6dc68
 0xb61d79c8: istate->_stack        = 0xb61d79a4
 0xb61d79cc: istate->_msg          = 0x00000000
 0xb61d79d0: istate->_result       = 0x00000000
 0xb61d79d4: (istate->_result)     = 0x00000000
 0xb61d79d8: (istate->_result)     = 0xb61d79a4
 0xb61d79dc: istate->_prev_link    = 0xb61d7994
 0xb61d79e0: istate->_oop_temp     = 0x00000000
 0xb61d79e4: istate->_stack_base   = 0xb61d79b0
 0xb61d79e8: istate->_stack_limit  = 0xb61d79a4
 0xb61d79ec: istate->_monitor_base = 0xb61d79b0
 0xb61d79f0: istate->_self_link    = 0xb61d79b0
 0xb61d79f4: frame_type            = INTERPRETER_FRAME
 0xb61d79f8: next_frame            = 0xb61d7a58

 0xb61d79fc: local[4]              = 0x9acc0af0
 0xb61d7a00: local[3]              = 0x90e873b0
 0xb61d7a04: local[2]              = 0x9adc0740
 0xb61d7a08: local[1]              = 0x90e87310
 0xb61d7a0c: local[0]              = 0x90e87310
 0xb61d7a10: istate->_thread       = 0xb5f04dd8
 0xb61d7a14: istate->_bcp          = 0xb000cd97 (bci 159)
 0xb61d7a18: istate->_locals       = 0xb61d7a7c
 0xb61d7a1c: istate->_constants    = 0xb000e098
 0xb61d7a20: istate->_method       = se.kth.id1020.util.DataSource.run(Lse/kth/id1020/util/DataSource$SentenceHandler;)V
 0xb61d7a24: istate->_mdx          = 0xb000d530
 0xb61d7a28: istate->_stack        = 0xb61d79fc
 0xb61d7a2c: istate->_msg          = 0x00000000
 0xb61d7a30: istate->_result       = 0x00000000
 0xb61d7a34: (istate->_result)     = 0xb61d79f8
 0xb61d7a38: (istate->_result)     = 0xb61d79f8
 0xb61d7a3c: istate->_prev_link    = 0x00000002
 0xb61d7a40: istate->_oop_temp     = 0x00000000
 0xb61d7a44: istate->_stack_base   = 0xb61d7a10
 0xb61d7a48: istate->_stack_limit  = 0xb61d79f8
 0xb61d7a4c: istate->_monitor_base = 0xb61d7a10
 0xb61d7a50: istate->_self_link    = 0xb61d7a10
 0xb61d7a54: frame_type            = INTERPRETER_FRAME
 0xb61d7a58: next_frame            = 0xb61d7ac8

 0xb61d7a5c: local[8]              = 0x00000000
 0xb61d7a60: local[7]              = 0x90c61f38
 0xb61d7a64: local[6]              = 0x90c5c118
 0xb61d7a68: local[5]              = 0x90e872a0
 0xb61d7a6c: local[4]              = 0x90e872d8
 0xb61d7a70: local[3]              = 0x9adbb878
 0xb61d7a74: local[2]              = 0x9acc06a0
 0xb61d7a78: local[1]              = 0x9adbb868
 0xb61d7a7c: local[0]              = 0x9adbb848
 0xb61d7a80: istate->_thread       = 0xb5f04dd8
 0xb61d7a84: istate->_bcp          = 0xb000b732 (bci 18)
 0xb61d7a88: istate->_locals       = 0xb61d7adc
 0xb61d7a8c: istate->_constants    = 0xb000bd70
 0xb61d7a90: istate->_method       = se.kth.id1020.Driver.buildTheIndex(Lse/kth/id1020/TinySearchEngineBase;)V
 0xb61d7a94: istate->_mdx          = 0x00000000
 0xb61d7a98: istate->_stack        = 0xb61d7a78
 0xb61d7a9c: istate->_msg          = 0x00000000
 0xb61d7aa0: istate->_result       = 0xb61d7a4c
 0xb61d7aa4: (istate->_result)     = 0xb61d7a68
 0xb61d7aa8: (istate->_result)     = 0xb61d7a68
 0xb61d7aac: istate->_prev_link    = 0x00000002
 0xb61d7ab0: istate->_oop_temp     = 0x00000000
 0xb61d7ab4: istate->_stack_base   = 0xb61d7a80
 0xb61d7ab8: istate->_stack_limit  = 0xb61d7a6c
 0xb61d7abc: istate->_monitor_base = 0xb61d7a80
 0xb61d7ac0: istate->_self_link    = 0xb61d7a80
 0xb61d7ac4: frame_type            = INTERPRETER_FRAME
 0xb61d7ac8: next_frame            = 0xb61d7b28

 0xb61d7acc: local[4]              = 0x00000000
 0xb61d7ad0: local[3]              = 0x00000000
 0xb61d7ad4: local[2]              = 0xa02b731a
 0xb61d7ad8: local[1]              = 0x00007f71
 0xb61d7adc: local[0]              = 0x9acc06c0
 0xb61d7ae0: istate->_thread       = 0xb5f04dd8
 0xb61d7ae4: istate->_bcp          = 0xb000b489 (bci 1)
 0xb61d7ae8: istate->_locals       = 0xb61d7b2c
 0xb61d7aec: istate->_constants    = 0xb000bd70
 0xb61d7af0: istate->_method       = se.kth.id1020.Driver.run(Lse/kth/id1020/TinySearchEngineBase;)V
 0xb61d7af4: istate->_mdx          = 0xb61d7ad4
 0xb61d7af8: istate->_stack        = 0xb61d7ad8
 0xb61d7afc: istate->_msg          = 0x00000000
 0xb61d7b00: istate->_result       = 0xb61d7ab8
 0xb61d7b04: (istate->_result)     = 0xb61d7ac8
 0xb61d7b08: (istate->_result)     = 0xb61d7ac8
 0xb61d7b0c: istate->_prev_link    = 0x00000002
 0xb61d7b10: istate->_oop_temp     = 0x00000000
 0xb61d7b14: istate->_stack_base   = 0xb61d7ae0
 0xb61d7b18: istate->_stack_limit  = 0xb61d7ad8
 0xb61d7b1c: istate->_monitor_base = 0xb61d7ae0
 0xb61d7b20: istate->_self_link    = 0xb61d7ae0
 0xb61d7b24: frame_type            = INTERPRETER_FRAME
 0xb61d7b28: next_frame            = 0xb61d7b78

 0xb61d7b2c: local[0]              = 0x9acc06c0
 0xb61d7b30: istate->_thread       = 0xb5f04dd8
 0xb61d7b34: istate->_bcp          = 0xb00099a9 (bci 17)
 0xb61d7b38: istate->_locals       = 0xb61d7b80
 0xb61d7b3c: istate->_constants    = 0xb000a000
 0xb61d7b40: istate->_method       = se.kth.krijor.App.main([Ljava/lang/String;)V
 0xb61d7b44: istate->_mdx          = 0xb61d7d48
 0xb61d7b48: istate->_stack        = 0xb61d7b28
 0xb61d7b4c: istate->_msg          = 0x00000000
 0xb61d7b50: istate->_result       = 0x00000000
 0xb61d7b54: (istate->_result)     = 0xb6d3a603
 0xb61d7b58: (istate->_result)     = 0xb61d7b18
 0xb61d7b5c: istate->_prev_link    = 0x00000002
 0xb61d7b60: istate->_oop_temp     = 0x00000000
 0xb61d7b64: istate->_stack_base   = 0xb61d7b30
 0xb61d7b68: istate->_stack_limit  = 0xb61d7b24
 0xb61d7b6c: istate->_monitor_base = 0xb61d7b30
 0xb61d7b70: istate->_self_link    = 0xb61d7b30
 0xb61d7b74: frame_type            = INTERPRETER_FRAME
 0xb61d7b78: next_frame            = 0xb61d7b8c

 0xb61d7b7c: local[1]              = 0x9acc06c0
 0xb61d7b80: local[0]              = 0x9acc06e0
 0xb61d7b84: call_wrapper          = 0xb61d7be8
 0xb61d7b88: frame_type            = ENTRY_FRAME
 0xb61d7b8c: next_frame            = 0x00000000


---------------  P R O C E S S  ---------------

Java Threads: ( => current thread )
  0xb5fc07c0 JavaThread "Low Memory Detector" daemon [_thread_blocked, id=950, stack(0x8eb80000,0x8ed00000)]
  0xb5fc3550 JavaThread "Signal Dispatcher" daemon [_thread_blocked, id=949, stack(0x8eef7000,0x8f077000)]
  0xb5f81f68 JavaThread "Finalizer" daemon [_thread_blocked, id=947, stack(0x8f380000,0x8f500000)]
  0xb5f809e8 JavaThread "Reference Handler" daemon [_thread_blocked, id=946, stack(0x8f680000,0x8f800000)]
=>0xb5f04dd8 JavaThread "main" [_thread_in_native, id=943, stack(0xb605a000,0xb61d9000)]

Other Threads:
  0xb5f73920 VMThread [stack: 0x8f9c8000,0x8fa67000] [id=945]
  0xb5fc2250 WatcherThread [stack: 0x8f928000,0x8f9c7000] [id=951]

VM state:not at safepoint (normal execution)

VM Mutex/Monitor currently owned by a thread: None

Heap
 def new generation   total 41728K, used 19620K [0x8fe20000, 0x92b60000, 0x9a8c0000)
  eden space 37120K,  45% used [0x8fe20000, 0x90e873e8, 0x92260000)
  from space 4608K,  61% used [0x926e0000, 0x929a1f40, 0x92b60000)
  to   space 4608K,   0% used [0x92260000, 0x92260000, 0x926e0000)
 tenured generation   total 92552K, used 74670K [0x9a8c0000, 0xa0322000, 0xafe20000)
   the space 92552K,  80% used [0x9a8c0000, 0x9f1abac0, 0x9f1abc00, 0xa0322000)
 compacting perm gen  total 4096K, used 2217K [0xafe20000, 0xb0220000, 0xb3e20000)
   the space 4096K,  54% used [0xafe20000, 0xb004a7d8, 0xb004a800, 0xb0220000)
No shared spaces configured.

Card table byte_map: [0x8fcff000,0x8fe20000] byte_map_base: 0x8f87ff00

Polling page: 0xb6f90000

Code Cache  [0xb3eb2000, 0xb3eda000, 0xb5eb2000)
 total_blobs=68 nmethods=0 adapters=61 free_code_cache=32698Kb largest_free_block=33483520

Compilation events (0 events):
No events

GC Heap History (10 events):
Event: 29.439 GC heap before
{Heap before GC invocations=43 (full 4):
 def new generation   total 41728K, used 39554K [0x8fe20000, 0x92b60000, 0x9a8c0000)
  eden space 37120K, 100% used [0x8fe20000, 0x92260000, 0x92260000)
  from space 4608K,  52% used [0x92260000, 0x924c0a58, 0x926e0000)
  to   space 4608K,   0% used [0x926e0000, 0x926e0000, 0x92b60000)
 tenured generation   total 92552K, used 63202K [0x9a8c0000, 0xa0322000, 0xafe20000)
   the space 92552K,  68% used [0x9a8c0000, 0x9e678a38, 0x9e678c00, 0xa0322000)
 compacting perm gen  total 4096K, used 2217K [0xafe20000, 0xb0220000, 0xb3e20000)
   the space 4096K,  54% used [0xafe20000, 0xb004a7d8, 0xb004a800, 0xb0220000)
No shared spaces configured.
Event: 29.471 GC heap after
Heap after GC invocations=44 (full 4):
 def new generation   total 41728K, used 2957K [0x8fe20000, 0x92b60000, 0x9a8c0000)
  eden space 37120K,   0% used [0x8fe20000, 0x8fe20000, 0x92260000)
  from space 4608K,  64% used [0x926e0000, 0x929c34a0, 0x92b60000)
  to   space 4608K,   0% used [0x92260000, 0x92260000, 0x926e0000)
 tenured generation   total 92552K, used 65239K [0x9a8c0000, 0xa0322000, 0xafe20000)
   the space 92552K,  70% used [0x9a8c0000, 0x9e875ef0, 0x9e876000, 0xa0322000)
 compacting perm gen  total 4096K, used 2217K [0xafe20000, 0xb0220000, 0xb3e20000)
   the space 4096K,  54% used [0xafe20000, 0xb004a7d8, 0xb004a800, 0xb0220000)
No shared spaces configured.
}
Event: 31.071 GC heap before
{Heap before GC invocations=44 (full 4):
 def new generation   total 41728K, used 40077K [0x8fe20000, 0x92b60000, 0x9a8c0000)
  eden space 37120K,  99% used [0x8fe20000, 0x9225ffd0, 0x92260000)
  from space 4608K,  64% used [0x926e0000, 0x929c34a0, 0x92b60000)
  to   space 4608K,   0% used [0x92260000, 0x92260000, 0x926e0000)
 tenured generation   total 92552K, used 65239K [0x9a8c0000, 0xa0322000, 0xafe20000)
   the space 92552K,  70% used [0x9a8c0000, 0x9e875ef0, 0x9e876000, 0xa0322000)
 compacting perm gen  total 4096K, used 2217K [0xafe20000, 0xb0220000, 0xb3e20000)
   the space 4096K,  54% used [0xafe20000, 0xb004a7d8, 0xb004a800, 0xb0220000)
No shared spaces configured.
Event: 31.106 GC heap after
Heap after GC invocations=45 (full 4):
 def new generation   total 41728K, used 2574K [0x8fe20000, 0x92b60000, 0x9a8c0000)
  eden space 37120K,   0% used [0x8fe20000, 0x8fe20000, 0x92260000)
  from space 4608K,  55% used [0x92260000, 0x924e3810, 0x926e0000)
  to   space 4608K,   0% used [0x926e0000, 0x926e0000, 0x92b60000)
 tenured generation   total 92552K, used 67817K [0x9a8c0000, 0xa0322000, 0xafe20000)
   the space 92552K,  73% used [0x9a8c0000, 0x9eafa510, 0x9eafa600, 0xa0322000)
 compacting perm gen  total 4096K, used 2217K [0xafe20000, 0xb0220000, 0xb3e20000)
   the space 4096K,  54% used [0xafe20000, 0xb004a7d8, 0xb004a800, 0xb0220000)
No shared spaces configured.
}
Event: 32.734 GC heap before
{Heap before GC invocations=45 (full 4):
 def new generation   total 41728K, used 39694K [0x8fe20000, 0x92b60000, 0x9a8c0000)
  eden space 37120K, 100% used [0x8fe20000, 0x92260000, 0x92260000)
  from space 4608K,  55% used [0x92260000, 0x924e3810, 0x926e0000)
  to   space 4608K,   0% used [0x926e0000, 0x926e0000, 0x92b60000)
 tenured generation   total 92552K, used 67817K [0x9a8c0000, 0xa0322000, 0xafe20000)
   the space 92552K,  73% used [0x9a8c0000, 0x9eafa510, 0x9eafa600, 0xa0322000)
 compacting perm gen  total 4096K, used 2217K [0xafe20000, 0xb0220000, 0xb3e20000)
   the space 4096K,  54% used [0xafe20000, 0xb004a7d8, 0xb004a800, 0xb0220000)
No shared spaces configured.
Event: 32.768 GC heap after
Heap after GC invocations=46 (full 4):
 def new generation   total 41728K, used 2500K [0x8fe20000, 0x92b60000, 0x9a8c0000)
  eden space 37120K,   0% used [0x8fe20000, 0x8fe20000, 0x92260000)
  from space 4608K,  54% used [0x926e0000, 0x92951098, 0x92b60000)
  to   space 4608K,   0% used [0x92260000, 0x92260000, 0x926e0000)
 tenured generation   total 92552K, used 70005K [0x9a8c0000, 0xa0322000, 0xafe20000)
   the space 92552K,  75% used [0x9a8c0000, 0x9ed1d748, 0x9ed1d800, 0xa0322000)
 compacting perm gen  total 4096K, used 2217K [0xafe20000, 0xb0220000, 0xb3e20000)
   the space 4096K,  54% used [0xafe20000, 0xb004a7d8, 0xb004a800, 0xb0220000)
No shared spaces configured.
}
Event: 34.400 GC heap before
{Heap before GC invocations=46 (full 4):
 def new generation   total 41728K, used 39603K [0x8fe20000, 0x92b60000, 0x9a8c0000)
  eden space 37120K,  99% used [0x8fe20000, 0x9225be38, 0x92260000)
  from space 4608K,  54% used [0x926e0000, 0x92951098, 0x92b60000)
  to   space 4608K,   0% used [0x92260000, 0x92260000, 0x926e0000)
 tenured generation   total 92552K, used 70005K [0x9a8c0000, 0xa0322000, 0xafe20000)
   the space 92552K,  75% used [0x9a8c0000, 0x9ed1d748, 0x9ed1d800, 0xa0322000)
 compacting perm gen  total 4096K, used 2217K [0xafe20000, 0xb0220000, 0xb3e20000)
   the space 4096K,  54% used [0xafe20000, 0xb004a7d8, 0xb004a800, 0xb0220000)
No shared spaces configured.
Event: 34.438 GC heap after
Heap after GC invocations=47 (full 4):
 def new generation   total 41728K, used 2955K [0x8fe20000, 0x92b60000, 0x9a8c0000)
  eden space 37120K,   0% used [0x8fe20000, 0x8fe20000, 0x92260000)
  from space 4608K,  64% used [0x92260000, 0x92542ed8, 0x926e0000)
  to   space 4608K,   0% used [0x926e0000, 0x926e0000, 0x92b60000)
 tenured generation   total 92552K, used 72103K [0x9a8c0000, 0xa0322000, 0xafe20000)
   the space 92552K,  77% used [0x9a8c0000, 0x9ef29ce0, 0x9ef29e00, 0xa0322000)
 compacting perm gen  total 4096K, used 2217K [0xafe20000, 0xb0220000, 0xb3e20000)
   the space 4096K,  54% used [0xafe20000, 0xb004a7d8, 0xb004a800, 0xb0220000)
No shared spaces configured.
}
Event: 36.019 GC heap before
{Heap before GC invocations=47 (full 4):
 def new generation   total 41728K, used 40075K [0x8fe20000, 0x92b60000, 0x9a8c0000)
  eden space 37120K,  99% used [0x8fe20000, 0x9225ffe0, 0x92260000)
  from space 4608K,  64% used [0x92260000, 0x92542ed8, 0x926e0000)
  to   space 4608K,   0% used [0x926e0000, 0x926e0000, 0x92b60000)
 tenured generation   total 92552K, used 72103K [0x9a8c0000, 0xa0322000, 0xafe20000)
   the space 92552K,  77% used [0x9a8c0000, 0x9ef29ce0, 0x9ef29e00, 0xa0322000)
 compacting perm gen  total 4096K, used 2217K [0xafe20000, 0xb0220000, 0xb3e20000)
   the space 4096K,  54% used [0xafe20000, 0xb004a7d8, 0xb004a800, 0xb0220000)
No shared spaces configured.
Event: 36.058 GC heap after
Heap after GC invocations=48 (full 4):
 def new generation   total 41728K, used 2823K [0x8fe20000, 0x92b60000, 0x9a8c0000)
  eden space 37120K,   0% used [0x8fe20000, 0x8fe20000, 0x92260000)
  from space 4608K,  61% used [0x926e0000, 0x929a1f40, 0x92b60000)
  to   space 4608K,   0% used [0x92260000, 0x92260000, 0x926e0000)
 tenured generation   total 92552K, used 74670K [0x9a8c0000, 0xa0322000, 0xafe20000)
   the space 92552K,  80% used [0x9a8c0000, 0x9f1abac0, 0x9f1abc00, 0xa0322000)
 compacting perm gen  total 4096K, used 2217K [0xafe20000, 0xb0220000, 0xb3e20000)
   the space 4096K,  54% used [0xafe20000, 0xb004a7d8, 0xb004a800, 0xb0220000)
No shared spaces configured.
}

Deoptimization events (0 events):
No events

Internal exceptions (10 events):
Event: 0.407 Thread 0xb5f04dd8 Threw 0x8fe95390 at /build/openjdk-6-cbd4PD/openjdk-6-6b36-1.13.8/build/openjdk/hotspot/src/share/vm/classfile/systemDictionary.cpp
Event: 0.407 Thread 0xb5f04dd8 Threw 0x8fe95688 at /build/openjdk-6-cbd4PD/openjdk-6-6b36-1.13.8/build/openjdk/hotspot/src/share/vm/prims/jvm.cpp:1272
Event: 0.408 Thread 0xb5f04dd8 Threw 0x8fe97838 at /build/openjdk-6-cbd4PD/openjdk-6-6b36-1.13.8/build/openjdk/hotspot/src/share/vm/classfile/systemDictionary.cpp
Event: 0.408 Thread 0xb5f04dd8 Threw 0x8fe97b50 at /build/openjdk-6-cbd4PD/openjdk-6-6b36-1.13.8/build/openjdk/hotspot/src/share/vm/prims/jvm.cpp:1272
Event: 0.409 Thread 0xb5f04dd8 Threw 0x8fe9a648 at /build/openjdk-6-cbd4PD/openjdk-6-6b36-1.13.8/build/openjdk/hotspot/src/share/vm/classfile/systemDictionary.cpp
Event: 0.409 Thread 0xb5f04dd8 Threw 0x8fe9a968 at /build/openjdk-6-cbd4PD/openjdk-6-6b36-1.13.8/build/openjdk/hotspot/src/share/vm/prims/jvm.cpp:1272
Event: 0.420 Thread 0xb5f04dd8 Threw 0x8feafa10 at /build/openjdk-6-cbd4PD/openjdk-6-6b36-1.13.8/build/openjdk/hotspot/src/share/vm/classfile/systemDictionary.cpp
Event: 0.420 Thread 0xb5f04dd8 Threw 0x8feafd20 at /build/openjdk-6-cbd4PD/openjdk-6-6b36-1.13.8/build/openjdk/hotspot/src/share/vm/prims/jvm.cpp:1272
Event: 0.422 Thread 0xb5f04dd8 Threw 0x8feb1e98 at /build/openjdk-6-cbd4PD/openjdk-6-6b36-1.13.8/build/openjdk/hotspot/src/share/vm/classfile/systemDictionary.cpp
Event: 0.422 Thread 0xb5f04dd8 Threw 0x8feb21e0 at /build/openjdk-6-cbd4PD/openjdk-6-6b36-1.13.8/build/openjdk/hotspot/src/share/vm/prims/jvm.cpp:1272

Events (10 events):
Event: 29.438 Executing VM operation: GenCollectForAllocation
Event: 29.471 Executing VM operation: GenCollectForAllocation done
Event: 31.071 Executing VM operation: GenCollectForAllocation
Event: 31.106 Executing VM operation: GenCollectForAllocation done
Event: 32.734 Executing VM operation: GenCollectForAllocation
Event: 32.768 Executing VM operation: GenCollectForAllocation done
Event: 34.400 Executing VM operation: GenCollectForAllocation
Event: 34.438 Executing VM operation: GenCollectForAllocation done
Event: 36.019 Executing VM operation: GenCollectForAllocation
Event: 36.059 Executing VM operation: GenCollectForAllocation done


Dynamic libraries:
00008000-00010000 r-xp 00000000 b3:01 132414     /usr/lib/jvm/java-6-openjdk-armhf/jre/bin/java
00017000-00018000 r--p 00007000 b3:01 132414     /usr/lib/jvm/java-6-openjdk-armhf/jre/bin/java
00018000-00019000 rw-p 00008000 b3:01 132414     /usr/lib/jvm/java-6-openjdk-armhf/jre/bin/java
006a6000-006c7000 rw-p 00000000 00:00 0          [heap]
8e600000-8e6c2000 rw-p 00000000 00:00 0 
8e6c2000-8e700000 ---p 00000000 00:00 0 
8e800000-8e821000 rw-p 00000000 00:00 0 
8e821000-8e900000 ---p 00000000 00:00 0 
8e900000-8e9fc000 rw-p 00000000 00:00 0 
8e9fc000-8ea00000 ---p 00000000 00:00 0 
8ea00000-8ea21000 rw-p 00000000 00:00 0 
8ea21000-8eb00000 ---p 00000000 00:00 0 
8eb80000-8eb83000 ---p 00000000 00:00 0 
8eb83000-8ed00000 rw-p 00000000 00:00 0          [stack:950]
8ed00000-8ed21000 rw-p 00000000 00:00 0 
8ed21000-8ee00000 ---p 00000000 00:00 0 
8eef7000-8eefa000 ---p 00000000 00:00 0 
8eefa000-8f077000 rw-p 00000000 00:00 0          [stack:949]
8f077000-8f200000 r--p 00000000 b3:01 390721     /usr/lib/locale/locale-archive
8f200000-8f221000 rw-p 00000000 00:00 0 
8f221000-8f300000 ---p 00000000 00:00 0 
8f335000-8f380000 r--s 006c9000 b3:01 400441     /home/lobax/Documents/Programmering/Java/TinySearch/target/TinySearch-2.a.jar
8f380000-8f383000 ---p 00000000 00:00 0 
8f383000-8f500000 rw-p 00000000 00:00 0          [stack:947]
8f500000-8f521000 rw-p 00000000 00:00 0 
8f521000-8f600000 ---p 00000000 00:00 0 
8f60d000-8f635000 rw-p 00000000 00:00 0 
8f635000-8f680000 r--s 006c9000 b3:01 400441     /home/lobax/Documents/Programmering/Java/TinySearch/target/TinySearch-2.a.jar
8f680000-8f683000 ---p 00000000 00:00 0 
8f683000-8f800000 rw-p 00000000 00:00 0          [stack:946]
8f800000-8f821000 rw-p 00000000 00:00 0 
8f821000-8f900000 ---p 00000000 00:00 0 
8f927000-8f928000 ---p 00000000 00:00 0 
8f928000-8f9c7000 rw-p 00000000 00:00 0          [stack:951]
8f9c7000-8f9c8000 ---p 00000000 00:00 0 
8f9c8000-8fa9b000 rw-p 00000000 00:00 0          [stack:945]
8fa9b000-8fc33000 r--s 019e4000 b3:01 132461     /usr/lib/jvm/java-6-openjdk-armhf/jre/lib/rt.jar
8fc33000-8fc36000 rw-p 00000000 00:00 0 
8fc36000-8fc54000 rw-p 00000000 00:00 0 
8fc54000-8fc82000 rw-p 00000000 00:00 0 
8fc82000-8fcff000 rw-p 00000000 00:00 0 
8fcff000-8fd16000 rw-p 00000000 00:00 0 
8fd16000-8fd54000 rw-p 00000000 00:00 0 
8fd54000-8fd82000 rw-p 00000000 00:00 0 
8fd82000-8fdff000 rw-p 00000000 00:00 0 
8fdff000-8fe01000 rw-p 00000000 00:00 0 
8fe01000-8fe1f000 rw-p 00000000 00:00 0 
8fe1f000-92b60000 rw-p 00000000 00:00 0 
92b60000-9a8c0000 rw-p 00000000 00:00 0 
9a8c0000-a0322000 rw-p 00000000 00:00 0 
a0322000-afe20000 rw-p 00000000 00:00 0 
afe20000-b0220000 rw-p 00000000 00:00 0 
b0220000-b3e20000 rw-p 00000000 00:00 0 
b3e27000-b3e2e000 r--s 00054000 b3:01 132376     /usr/lib/jvm/java-6-openjdk-common/jre/lib/resources.jar
b3e2e000-b3e32000 r--s 00041000 b3:01 132369     /usr/lib/jvm/java-6-openjdk-common/jre/lib/jsse.jar
b3e32000-b3e33000 rw-p 00000000 00:00 0 
b3e33000-b3eb2000 rw-p 00000000 00:00 0 
b3eb2000-b3eda000 rwxp 00000000 00:00 0 
b3eda000-b5eb2000 rw-p 00000000 00:00 0 
b5eb2000-b5ebd000 r-xp 00000000 b3:01 132425     /usr/lib/jvm/java-6-openjdk-armhf/jre/lib/arm/libzip.so
b5ebd000-b5ec4000 ---p 0000b000 b3:01 132425     /usr/lib/jvm/java-6-openjdk-armhf/jre/lib/arm/libzip.so
b5ec4000-b5ec5000 r--p 0000a000 b3:01 132425     /usr/lib/jvm/java-6-openjdk-armhf/jre/lib/arm/libzip.so
b5ec5000-b5ec7000 rw-p 0000b000 b3:01 132425     /usr/lib/jvm/java-6-openjdk-armhf/jre/lib/arm/libzip.so
b5ec7000-b5ecf000 r-xp 00000000 b3:01 409897     /lib/arm-linux-gnueabihf/libnss_files-2.15.so
b5ecf000-b5ed6000 ---p 00008000 b3:01 409897     /lib/arm-linux-gnueabihf/libnss_files-2.15.so
b5ed6000-b5ed7000 r--p 00007000 b3:01 409897     /lib/arm-linux-gnueabihf/libnss_files-2.15.so
b5ed7000-b5ed8000 rw-p 00008000 b3:01 409897     /lib/arm-linux-gnueabihf/libnss_files-2.15.so
b5ed8000-b5edf000 r-xp 00000000 b3:01 409949     /lib/arm-linux-gnueabihf/libnss_nis-2.15.so
b5edf000-b5ee6000 ---p 00007000 b3:01 409949     /lib/arm-linux-gnueabihf/libnss_nis-2.15.so
b5ee6000-b5ee7000 r--p 00006000 b3:01 409949     /lib/arm-linux-gnueabihf/libnss_nis-2.15.so
b5ee7000-b5ee8000 rw-p 00007000 b3:01 409949     /lib/arm-linux-gnueabihf/libnss_nis-2.15.so
b5ee8000-b5ef5000 r-xp 00000000 b3:01 409907     /lib/arm-linux-gnueabihf/libnsl-2.15.so
b5ef5000-b5efc000 ---p 0000d000 b3:01 409907     /lib/arm-linux-gnueabihf/libnsl-2.15.so
b5efc000-b5efd000 r--p 0000c000 b3:01 409907     /lib/arm-linux-gnueabihf/libnsl-2.15.so
b5efd000-b5efe000 rw-p 0000d000 b3:01 409907     /lib/arm-linux-gnueabihf/libnsl-2.15.so
b5efe000-b5f00000 rw-p 00000000 00:00 0 
b5f00000-b5ffe000 rw-p 00000000 00:00 0 
b5ffe000-b6000000 ---p 00000000 00:00 0 
b6003000-b6007000 r--s 00031000 b3:01 132353     /usr/lib/jvm/java-6-openjdk-common/jre/lib/ext/sunjce_provider.jar
b6007000-b600c000 r-xp 00000000 b3:01 409965     /lib/arm-linux-gnueabihf/libnss_compat-2.15.so
b600c000-b6013000 ---p 00005000 b3:01 409965     /lib/arm-linux-gnueabihf/libnss_compat-2.15.so
b6013000-b6014000 r--p 00004000 b3:01 409965     /lib/arm-linux-gnueabihf/libnss_compat-2.15.so
b6014000-b6015000 rw-p 00005000 b3:01 409965     /lib/arm-linux-gnueabihf/libnss_compat-2.15.so
b6015000-b6018000 r--s 0003a000 b3:01 132354     /usr/lib/jvm/java-6-openjdk-common/jre/lib/ext/sunpkcs11.jar
b6018000-b601b000 r--s 00078000 b3:01 132352     /usr/lib/jvm/java-6-openjdk-common/jre/lib/ext/localedata.jar
b601b000-b6023000 rw-s 00000000 00:0c 4706332    /tmp/hsperfdata_lobax/942
b6023000-b6041000 r-xp 00000000 b3:01 132452     /usr/lib/jvm/java-6-openjdk-armhf/jre/lib/arm/libjava.so
b6041000-b6048000 ---p 0001e000 b3:01 132452     /usr/lib/jvm/java-6-openjdk-armhf/jre/lib/arm/libjava.so
b6048000-b6049000 r--p 0001d000 b3:01 132452     /usr/lib/jvm/java-6-openjdk-armhf/jre/lib/arm/libjava.so
b6049000-b604b000 rw-p 0001e000 b3:01 132452     /usr/lib/jvm/java-6-openjdk-armhf/jre/lib/arm/libjava.so
b604b000-b6050000 r-xp 00000000 b3:01 409973     /lib/arm-linux-gnueabihf/librt-2.15.so
b6050000-b6057000 ---p 00005000 b3:01 409973     /lib/arm-linux-gnueabihf/librt-2.15.so
b6057000-b6058000 r--p 00004000 b3:01 409973     /lib/arm-linux-gnueabihf/librt-2.15.so
b6058000-b6059000 rw-p 00005000 b3:01 409973     /lib/arm-linux-gnueabihf/librt-2.15.so
b6059000-b605d000 ---p 00000000 00:00 0 
b605d000-b61d9000 rw-p 00000000 00:00 0          [stack:943]
b61d9000-b69d9000 rwxp 00000000 00:00 0 
b69d9000-b69e1000 r-xp 00000000 b3:01 395015     /lib/arm-linux-gnueabihf/libgcc_s.so.1
b69e1000-b69e8000 ---p 00008000 b3:01 395015     /lib/arm-linux-gnueabihf/libgcc_s.so.1
b69e8000-b69e9000 r--p 00007000 b3:01 395015     /lib/arm-linux-gnueabihf/libgcc_s.so.1
b69e9000-b69ea000 rw-p 00008000 b3:01 395015     /lib/arm-linux-gnueabihf/libgcc_s.so.1
b69ea000-b6a4b000 r-xp 00000000 b3:01 409929     /lib/arm-linux-gnueabihf/libm-2.15.so
b6a4b000-b6a52000 ---p 00061000 b3:01 409929     /lib/arm-linux-gnueabihf/libm-2.15.so
b6a52000-b6a53000 r--p 00060000 b3:01 409929     /lib/arm-linux-gnueabihf/libm-2.15.so
b6a53000-b6a54000 rw-p 00061000 b3:01 409929     /lib/arm-linux-gnueabihf/libm-2.15.so
b6a54000-b6ae8000 r-xp 00000000 b3:01 393005     /usr/lib/arm-linux-gnueabihf/libstdc++.so.6.0.16
b6ae8000-b6af0000 ---p 00094000 b3:01 393005     /usr/lib/arm-linux-gnueabihf/libstdc++.so.6.0.16
b6af0000-b6af3000 r--p 00094000 b3:01 393005     /usr/lib/arm-linux-gnueabihf/libstdc++.so.6.0.16
b6af3000-b6af5000 rw-p 00097000 b3:01 393005     /usr/lib/arm-linux-gnueabihf/libstdc++.so.6.0.16
b6af5000-b6afb000 rw-p 00000000 00:00 0 
b6afb000-b6dce000 r-xp 00000000 b3:01 132456     /usr/lib/jvm/java-6-openjdk-armhf/jre/lib/arm/server/libjvm.so
b6dce000-b6dd6000 ---p 002d3000 b3:01 132456     /usr/lib/jvm/java-6-openjdk-armhf/jre/lib/arm/server/libjvm.so
b6dd6000-b6de4000 r--p 002d3000 b3:01 132456     /usr/lib/jvm/java-6-openjdk-armhf/jre/lib/arm/server/libjvm.so
b6de4000-b6df5000 rw-p 002e1000 b3:01 132456     /usr/lib/jvm/java-6-openjdk-armhf/jre/lib/arm/server/libjvm.so
b6df5000-b6e51000 rw-p 00000000 00:00 0 
b6e51000-b6f27000 r-xp 00000000 b3:01 409900     /lib/arm-linux-gnueabihf/libc-2.15.so
b6f27000-b6f2e000 ---p 000d6000 b3:01 409900     /lib/arm-linux-gnueabihf/libc-2.15.so
b6f2e000-b6f30000 r--p 000d5000 b3:01 409900     /lib/arm-linux-gnueabihf/libc-2.15.so
b6f30000-b6f31000 rw-p 000d7000 b3:01 409900     /lib/arm-linux-gnueabihf/libc-2.15.so
b6f31000-b6f34000 rw-p 00000000 00:00 0 
b6f34000-b6f36000 r-xp 00000000 b3:01 409931     /lib/arm-linux-gnueabihf/libdl-2.15.so
b6f36000-b6f3d000 ---p 00002000 b3:01 409931     /lib/arm-linux-gnueabihf/libdl-2.15.so
b6f3d000-b6f3e000 r--p 00001000 b3:01 409931     /lib/arm-linux-gnueabihf/libdl-2.15.so
b6f3e000-b6f3f000 rw-p 00002000 b3:01 409931     /lib/arm-linux-gnueabihf/libdl-2.15.so
b6f3f000-b6f44000 r-xp 00000000 b3:01 132446     /usr/lib/jvm/java-6-openjdk-armhf/jre/lib/arm/jli/libjli.so
b6f44000-b6f4b000 ---p 00005000 b3:01 132446     /usr/lib/jvm/java-6-openjdk-armhf/jre/lib/arm/jli/libjli.so
b6f4b000-b6f4c000 r--p 00004000 b3:01 132446     /usr/lib/jvm/java-6-openjdk-armhf/jre/lib/arm/jli/libjli.so
b6f4c000-b6f4e000 rw-p 00005000 b3:01 132446     /usr/lib/jvm/java-6-openjdk-armhf/jre/lib/arm/jli/libjli.so
b6f4e000-b6f5e000 r-xp 00000000 b3:01 409953     /lib/arm-linux-gnueabihf/libpthread-2.15.so
b6f5e000-b6f65000 ---p 00010000 b3:01 409953     /lib/arm-linux-gnueabihf/libpthread-2.15.so
b6f65000-b6f66000 r--p 0000f000 b3:01 409953     /lib/arm-linux-gnueabihf/libpthread-2.15.so
b6f66000-b6f67000 rw-p 00010000 b3:01 409953     /lib/arm-linux-gnueabihf/libpthread-2.15.so
b6f67000-b6f69000 rw-p 00000000 00:00 0 
b6f69000-b6f6b000 r--s 0000f000 b3:01 132356     /usr/lib/jvm/java-6-openjdk-common/jre/lib/ext/pulse-java.jar
b6f6b000-b6f6d000 r--s 00001000 b3:01 132355     /usr/lib/jvm/java-6-openjdk-common/jre/lib/ext/dnsns.jar
b6f6d000-b6f75000 r-xp 00000000 b3:01 132429     /usr/lib/jvm/java-6-openjdk-armhf/jre/lib/arm/libverify.so
b6f75000-b6f76000 r--p 00008000 b3:01 132429     /usr/lib/jvm/java-6-openjdk-armhf/jre/lib/arm/libverify.so
b6f76000-b6f77000 rw-p 00009000 b3:01 132429     /usr/lib/jvm/java-6-openjdk-armhf/jre/lib/arm/libverify.so
b6f77000-b6f8e000 r-xp 00000000 b3:01 409957     /lib/arm-linux-gnueabihf/ld-2.15.so
b6f8e000-b6f8f000 r--s 00007000 b3:01 131814     /usr/share/java/java-atk-wrapper.jar
b6f8f000-b6f90000 rw-p 00000000 00:00 0 
b6f90000-b6f91000 r--p 00000000 00:00 0 
b6f91000-b6f95000 rw-p 00000000 00:00 0 
b6f95000-b6f96000 r--p 00016000 b3:01 409957     /lib/arm-linux-gnueabihf/ld-2.15.so
b6f96000-b6f97000 rw-p 00017000 b3:01 409957     /lib/arm-linux-gnueabihf/ld-2.15.so
be8fe000-be932000 rw-p 00000000 00:00 0          [stack]
ffff0000-ffff1000 r-xp 00000000 00:00 0          [vectors]

VM Arguments:
java_command: target/TinySearch-2.a.jar
Launcher Type: SUN_STANDARD

Environment Variables:
PATH=/usr/local/bin:/usr/bin:/bin:/usr/local/games:/usr/games
LD_LIBRARY_PATH=/usr/lib/jvm/java-6-openjdk-armhf/jre/lib/arm/server:/usr/lib/jvm/java-6-openjdk-armhf/jre/lib/arm:/usr/lib/jvm/java-6-openjdk-armhf/jre/../lib/arm
SHELL=/bin/bash

Signal Handlers:
SIGSEGV: [libjvm.so+0x2869cd], sa_mask[0]=0x7ffbfeff, sa_flags=0x10000004
SIGBUS: [libjvm.so+0x2869cd], sa_mask[0]=0x7ffbfeff, sa_flags=0x10000004
SIGFPE: [libjvm.so+0x2015d9], sa_mask[0]=0x7ffbfeff, sa_flags=0x10000004
SIGPIPE: [libjvm.so+0x2015d9], sa_mask[0]=0x7ffbfeff, sa_flags=0x10000004
SIGXFSZ: [libjvm.so+0x2015d9], sa_mask[0]=0x7ffbfeff, sa_flags=0x10000004
SIGILL: [libjvm.so+0x2015d9], sa_mask[0]=0x7ffbfeff, sa_flags=0x10000004
SIGUSR1: SIG_DFL, sa_mask[0]=0x00000000, sa_flags=0x00000000
SIGUSR2: [libjvm.so+0x201789], sa_mask[0]=0x00000000, sa_flags=0x10000004
SIGHUP: SIG_IGN, sa_mask[0]=0x00000000, sa_flags=0x00000000
SIGINT: [libjvm.so+0x201fcd], sa_mask[0]=0x7ffbfeff, sa_flags=0x10000004
SIGTERM: [libjvm.so+0x201fcd], sa_mask[0]=0x7ffbfeff, sa_flags=0x10000004
SIGQUIT: [libjvm.so+0x201fcd], sa_mask[0]=0x7ffbfeff, sa_flags=0x10000004


---------------  S Y S T E M  ---------------

OS:Ubuntu 12.04 (precise)
uname:Linux 3.8.11 #1 SMP Thu Sep 17 22:54:20 PDT 2015 armv7l
libc:glibc 2.15 NPTL 2.15 
rlimit: STACK 8192k, CORE 0k, NPROC 28187, NOFILE 2048, AS infinity
load average:2.21 1.39 1.26

/proc/meminfo:
MemTotal:        3608376 kB
MemFree:          134228 kB
Buffers:           17304 kB
Cached:           695444 kB
SwapCached:       123988 kB
Active:          1635880 kB
Inactive:        1082152 kB
Active(anon):    1429060 kB
Inactive(anon):   813236 kB
Active(file):     206820 kB
Inactive(file):   268916 kB
Unevictable:           0 kB
Mlocked:               0 kB
HighTotal:       2881788 kB
HighFree:          10752 kB
LowTotal:         726588 kB
LowFree:          123476 kB
SwapTotal:       3523804 kB
SwapFree:        2813900 kB
Dirty:             12944 kB
Writeback:             0 kB
AnonPages:       2003196 kB
Mapped:           429760 kB
Shmem:            237096 kB
Slab:              49728 kB
SReclaimable:      23228 kB
SUnreclaim:        26500 kB
KernelStack:        6000 kB
PageTables:        24596 kB
NFS_Unstable:          0 kB
Bounce:                0 kB
WritebackTmp:          0 kB
CommitLimit:     5327992 kB
Committed_AS:    8321452 kB
VmallocTotal:     245760 kB
VmallocUsed:       42720 kB
VmallocChunk:     105920 kB


CPU:total 8 

/proc/cpuinfo:
processor	: 0
model name	: ARMv7 Processor rev 3 (v7l)
BogoMIPS	: 48.00
Features	: swp half thumb fastmult vfp edsp thumbee neon vfpv3 tls vfpv4 idiva idivt 
CPU implementer	: 0x41
CPU architecture: 7
CPU variant	: 0x2
CPU part	: 0xc0f
CPU revision	: 3

processor	: 1
model name	: ARMv7 Processor rev 3 (v7l)
BogoMIPS	: 50.66
Features	: swp half thumb fastmult vfp edsp thumbee neon vfpv3 tls vfpv4 idiva idivt 
CPU implementer	: 0x41
CPU architecture: 7
CPU variant	: 0x2
CPU part	: 0xc0f
CPU revision	: 3

processor	: 2
model name	: ARMv7 Processor rev 3 (v7l)
BogoMIPS	: 50.66
Features	: swp half thumb fastmult vfp edsp thumbee neon vfpv3 tls vfpv4 idiva idivt 
CPU implementer	: 0x41
CPU architecture: 7
CPU variant	: 0x2
CPU part	: 0xc0f
CPU revision	: 3

processor	: 3
model name	: ARMv7 Processor rev 3 (v7l)
BogoMIPS	: 50.66
Features	: swp half thumb fastmult vfp edsp thumbee neon vfpv3 tls vfpv4 idiva idivt 
CPU implementer	: 0x41
CPU architecture: 7
CPU variant	: 0x2
CPU part	: 0xc0f
CPU revision	: 3

Hardware	: SAMSUNG EXYNOS5 (Flattened Device Tree)
Revision	: 0000
Serial		: 0000000000000000


Memory: 4k page, physical 3608376k(134228k free), swap 3523804k(2813900k free)

vm_info: OpenJDK Zero VM (23.25-b01) for linux-arm-vfp JRE (1.6.0_36-b36), built on Aug  1 2015 19:42:37 by "buildd" with gcc 4.6.3

time: Fri Oct 16 02:18:50 2015
elapsed time: 36 seconds

